<?xml version="1.0" encoding="utf-8" standalone="no"?>
<test-results xmlns:xsi="http://www.w3.org/2001/XMLSchema-instance" xsi:noNamespaceSchemaLocation="nunit_schema_2.5.xsd" name="Pester" total="2" errors="0" failures="0" not-run="59" inconclusive="0" ignored="0" skipped="0" invalid="0" date="2026-09-06" time="03:54:12">
  <environment clr-version="10.0.11" nunit-version="2.5.8.0" user-domain="" platform="Darwin" user="ktome1995" os-version="25.6.0" cwd="/Users/ktome1995/Program/dotfiles/.worktrees/issue-581-codex-cli-update" machine-name="Mac" />
  <culture-info current-culture="ja-JP" current-uiculture="ja-JP" />
  <test-suite type="TestFixture" name="Pester" executed="True" result="Success" success="True" time="0.3048" asserts="0" description="Pester">
    <results>
      <test-suite type="TestFixture" name="/Users/ktome1995/Program/dotfiles/.worktrees/issue-581-codex-cli-update/scripts/powershell/tests/lib/Invoke-ExternalCommand.Tests.ps1" executed="True" result="Success" success="True" time="0.3048" asserts="0" description="/Users/ktome1995/Program/dotfiles/.worktrees/issue-581-codex-cli-update/scripts/powershell/tests/lib/Invoke-ExternalCommand.Tests.ps1">
        <results>
          <test-suite type="TestFixture" name="Invoke-Pnpm" executed="True" result="Success" success="True" time="0.1675" asserts="0" description="Invoke-Pnpm">
            <results>
              <test-case description="should prefer the Windows cmd shim over an extensionless pnpm shim" name="Invoke-Pnpm.should prefer the Windows cmd shim over an extensionless pnpm shim" time="0.1414" asserts="0" success="True" result="Success" executed="True" />
              <test-case description="should fall back to pnpm when the cmd shim is unavailable" name="Invoke-Pnpm.should fall back to pnpm when the cmd shim is unavailable" time="0.0148" asserts="0" success="True" result="Success" executed="True" />
            </results>
          </test-suite>
        </results>
      </test-suite>
    </results>
  </test-suite>
</test-results>