<?xml version="1.0" encoding="utf-8" standalone="no"?>
<testsuites xmlns:xsi="http://www.w3.org/2001/XMLSchema-instance" xsi:noNamespaceSchemaLocation="junit_schema_4.xsd" name="Pester" tests="1022" errors="0" failures="0" disabled="0" time="310.020">
  <testsuite name="D:\ruru\dotfiles\.worktrees\hermes-visible-browser-slack-registration\scripts\powershell\tests\CiWorkflow.Tests.ps1" tests="19" errors="0" failures="0" hostname="BDW-IM8W-DBYOEM" id="0" skipped="0" disabled="0" package="D:\ruru\dotfiles\.worktrees\hermes-visible-browser-slack-registration\scripts\powershell\tests\CiWorkflow.Tests.ps1" time="3.019">
    <properties>
      <property name="clr-version" value="10.0.9" />
      <property name="machine-name" value="BDW-IM8W-DBYOEM" />
      <property name="user" value="KoheiMiki" />
      <property name="os-version" value="10.0.26300" />
      <property name="framework-version" value="5.6.1" />
      <property name="user-domain" value="AzureAD" />
      <property name="platform" value="Microsoft Windows 11 Pro Insider Preview|C:\WINDOWS|\Device\Harddisk0\Partition3" />
      <property name="cwd" value="D:\ruru\dotfiles\.worktrees\hermes-visible-browser-slack-registration\scripts\powershell" />
      <property name="junit-version" value="4" />
    </properties>
    <testcase name="CI workflow configuration.should install pinned PSScriptAnalyzer before nix fmt runs treefmt powershell formatter" status="Passed" classname="D:\ruru\dotfiles\.worktrees\hermes-visible-browser-slack-registration\scripts\powershell\tests\CiWorkflow.Tests.ps1" assertions="0" time="0.239" />
    <testcase name="CI workflow configuration.should pin PSScriptAnalyzer used by treefmt powershell formatter" status="Passed" classname="D:\ruru\dotfiles\.worktrees\hermes-visible-browser-slack-registration\scripts\powershell\tests\CiWorkflow.Tests.ps1" assertions="0" time="0.076" />
    <testcase name="CI workflow configuration.should harden Windows PSScriptAnalyzer install against cache and gallery issues" status="Passed" classname="D:\ruru\dotfiles\.worktrees\hermes-visible-browser-slack-registration\scripts\powershell\tests\CiWorkflow.Tests.ps1" assertions="0" time="0.080" />
    <testcase name="CI workflow configuration.should preserve CRLF and UTF-8 no BOM when treefmt formats PowerShell scripts" status="Passed" classname="D:\ruru\dotfiles\.worktrees\hermes-visible-browser-slack-registration\scripts\powershell\tests\CiWorkflow.Tests.ps1" assertions="0" time="0.094" />
    <testcase name="CI workflow configuration.should run install.cmd in CI with timeout and completion marker checks" status="Passed" classname="D:\ruru\dotfiles\.worktrees\hermes-visible-browser-slack-registration\scripts\powershell\tests\CiWorkflow.Tests.ps1" assertions="0" time="0.084" />
    <testcase name="CI workflow configuration.should build the NixOS WSL system on hosted Nix CI" status="Passed" classname="D:\ruru\dotfiles\.worktrees\hermes-visible-browser-slack-registration\scripts\powershell\tests\CiWorkflow.Tests.ps1" assertions="0" time="0.046" />
    <testcase name="CI workflow configuration.should build the font package set on hosted Nix CI" status="Passed" classname="D:\ruru\dotfiles\.worktrees\hermes-visible-browser-slack-registration\scripts\powershell\tests\CiWorkflow.Tests.ps1" assertions="0" time="0.061" />
    <testcase name="CI workflow configuration.should free hosted runner disk space before Nix package builds" status="Passed" classname="D:\ruru\dotfiles\.worktrees\hermes-visible-browser-slack-registration\scripts\powershell\tests\CiWorkflow.Tests.ps1" assertions="0" time="0.053" />
    <testcase name="CI workflow configuration.should smoke test the Windows UDEV Gothic NF installer in chezmoi CI" status="Passed" classname="D:\ruru\dotfiles\.worktrees\hermes-visible-browser-slack-registration\scripts\powershell\tests\CiWorkflow.Tests.ps1" assertions="0" time="0.058" />
    <testcase name="CI workflow configuration.should run nixos-rebuild switch in a hosted WSL2 E2E workflow" status="Passed" classname="D:\ruru\dotfiles\.worktrees\hermes-visible-browser-slack-registration\scripts\powershell\tests\CiWorkflow.Tests.ps1" assertions="0" time="0.082" />
    <testcase name="CI workflow configuration.should cover Windows PowerShell 5.1 timeout wrapper compatibility in CI" status="Passed" classname="D:\ruru\dotfiles\.worktrees\hermes-visible-browser-slack-registration\scripts\powershell\tests\CiWorkflow.Tests.ps1" assertions="0" time="0.133" />
    <testcase name="CI workflow configuration.should smoke test install.cmd when pwsh is absent from PATH" status="Passed" classname="D:\ruru\dotfiles\.worktrees\hermes-visible-browser-slack-registration\scripts\powershell\tests\CiWorkflow.Tests.ps1" assertions="0" time="0.063" />
    <testcase name="CI workflow configuration.should retry winget source update when the runner reports Cancelled" status="Passed" classname="D:\ruru\dotfiles\.worktrees\hermes-visible-browser-slack-registration\scripts\powershell\tests\CiWorkflow.Tests.ps1" assertions="0" time="0.054" />
    <testcase name="CI workflow configuration.should verify generated npm package catalog consistency" status="Passed" classname="D:\ruru\dotfiles\.worktrees\hermes-visible-browser-slack-registration\scripts\powershell\tests\CiWorkflow.Tests.ps1" assertions="0" time="0.046" />
    <testcase name="CI workflow configuration.should trigger entrypoint tests when install.cmd or bootstrap tests change" status="Passed" classname="D:\ruru\dotfiles\.worktrees\hermes-visible-browser-slack-registration\scripts\powershell\tests\CiWorkflow.Tests.ps1" assertions="0" time="0.051" />
    <testcase name="CI workflow configuration.should trigger PowerShell CI when Plane GitHub sync config changes" status="Passed" classname="D:\ruru\dotfiles\.worktrees\hermes-visible-browser-slack-registration\scripts\powershell\tests\CiWorkflow.Tests.ps1" assertions="0" time="0.077" />
    <testcase name="CI workflow configuration.should trigger dcnvim platform tests when dcnvim implementations change" status="Passed" classname="D:\ruru\dotfiles\.worktrees\hermes-visible-browser-slack-registration\scripts\powershell\tests\CiWorkflow.Tests.ps1" assertions="0" time="0.055" />
    <testcase name="CI workflow configuration.should use a supported Intel macOS runner for devcontainer E2E" status="Passed" classname="D:\ruru\dotfiles\.worktrees\hermes-visible-browser-slack-registration\scripts\powershell\tests\CiWorkflow.Tests.ps1" assertions="0" time="0.059" />
    <testcase name="CI workflow configuration.should retry Linux devcontainer CLI install when Nix cache downloads fail" status="Passed" classname="D:\ruru\dotfiles\.worktrees\hermes-visible-browser-slack-registration\scripts\powershell\tests\CiWorkflow.Tests.ps1" assertions="0" time="0.070" />
  </testsuite>
  <testsuite name="D:\ruru\dotfiles\.worktrees\hermes-visible-browser-slack-registration\scripts\powershell\tests\ConfigureLifelogRoot.Tests.ps1" tests="4" errors="0" failures="0" hostname="BDW-IM8W-DBYOEM" id="1" skipped="0" disabled="0" package="D:\ruru\dotfiles\.worktrees\hermes-visible-browser-slack-registration\scripts\powershell\tests\ConfigureLifelogRoot.Tests.ps1" time="2.331">
    <properties>
      <property name="clr-version" value="10.0.9" />
      <property name="machine-name" value="BDW-IM8W-DBYOEM" />
      <property name="user" value="KoheiMiki" />
      <property name="os-version" value="10.0.26300" />
      <property name="framework-version" value="5.6.1" />
      <property name="user-domain" value="AzureAD" />
      <property name="platform" value="Microsoft Windows 11 Pro Insider Preview|C:\WINDOWS|\Device\Harddisk0\Partition3" />
      <property name="cwd" value="D:\ruru\dotfiles\.worktrees\hermes-visible-browser-slack-registration\scripts\powershell" />
      <property name="junit-version" value="4" />
    </properties>
    <testcase name="configure-lifelog-root.ps1.exists as an explicit setup entrypoint" status="Passed" classname="D:\ruru\dotfiles\.worktrees\hermes-visible-browser-slack-registration\scripts\powershell\tests\ConfigureLifelogRoot.Tests.ps1" assertions="0" time="0.045" />
    <testcase name="configure-lifelog-root.ps1.requires -Path and does not contain a default lifelog path" status="Passed" classname="D:\ruru\dotfiles\.worktrees\hermes-visible-browser-slack-registration\scripts\powershell\tests\ConfigureLifelogRoot.Tests.ps1" assertions="0" time="0.074" />
    <testcase name="configure-lifelog-root.ps1.fails when the explicit path is not a lifelog root" status="Passed" classname="D:\ruru\dotfiles\.worktrees\hermes-visible-browser-slack-registration\scripts\powershell\tests\ConfigureLifelogRoot.Tests.ps1" assertions="0" time="0.819" />
    <testcase name="configure-lifelog-root.ps1.validates the explicit path with git and runs chezmoi init/apply with LIFELOG_ROOT set" status="Passed" classname="D:\ruru\dotfiles\.worktrees\hermes-visible-browser-slack-registration\scripts\powershell\tests\ConfigureLifelogRoot.Tests.ps1" assertions="0" time="1.032" />
  </testsuite>
  <testsuite name="D:\ruru\dotfiles\.worktrees\hermes-visible-browser-slack-registration\scripts\powershell\tests\Install.Admin.Tests.ps1" tests="10" errors="0" failures="0" hostname="BDW-IM8W-DBYOEM" id="2" skipped="0" disabled="0" package="D:\ruru\dotfiles\.worktrees\hermes-visible-browser-slack-registration\scripts\powershell\tests\Install.Admin.Tests.ps1" time="12.682">
    <properties>
      <property name="clr-version" value="10.0.9" />
      <property name="machine-name" value="BDW-IM8W-DBYOEM" />
      <property name="user" value="KoheiMiki" />
      <property name="os-version" value="10.0.26300" />
      <property name="framework-version" value="5.6.1" />
      <property name="user-domain" value="AzureAD" />
      <property name="platform" value="Microsoft Windows 11 Pro Insider Preview|C:\WINDOWS|\Device\Harddisk0\Partition3" />
      <property name="cwd" value="D:\ruru\dotfiles\.worktrees\hermes-visible-browser-slack-registration\scripts\powershell" />
      <property name="junit-version" value="4" />
    </properties>
    <testcase name="install.admin.ps1.should exist at scripts/powershell/install.admin.ps1" status="Passed" classname="D:\ruru\dotfiles\.worktrees\hermes-visible-browser-slack-registration\scripts\powershell\tests\Install.Admin.Tests.ps1" assertions="0" time="0.040" />
    <testcase name="install.admin.ps1.should parse without syntax errors" status="Passed" classname="D:\ruru\dotfiles\.worktrees\hermes-visible-browser-slack-registration\scripts\powershell\tests\Install.Admin.Tests.ps1" assertions="0" time="0.051" />
    <testcase name="install.admin.ps1.should return boolean in CheckOnly mode" status="Passed" classname="D:\ruru\dotfiles\.worktrees\hermes-visible-browser-slack-registration\scripts\powershell\tests\Install.Admin.Tests.ps1" assertions="0" time="3.476" />
    <testcase name="install.admin.ps1.should return boolean in non-admin CheckOnly mode without waiting indefinitely on WSL checks" status="Passed" classname="D:\ruru\dotfiles\.worktrees\hermes-visible-browser-slack-registration\scripts\powershell\tests\Install.Admin.Tests.ps1" assertions="0" time="7.126" />
    <testcase name="install.admin.ps1.should accept AdminOnly when invoked through a PowerShell -File boundary like the elevated admin phase" status="Passed" classname="D:\ruru\dotfiles\.worktrees\hermes-visible-browser-slack-registration\scripts\powershell\tests\Install.Admin.Tests.ps1" assertions="0" time="1.532" />
    <testcase name="install.admin.ps1.should filter handlers by Phase 2" status="Passed" classname="D:\ruru\dotfiles\.worktrees\hermes-visible-browser-slack-registration\scripts\powershell\tests\Install.Admin.Tests.ps1" assertions="0" time="0.036" />
    <testcase name="install.admin.ps1.should repair Windows environment variables before computing default paths" status="Passed" classname="D:\ruru\dotfiles\.worktrees\hermes-visible-browser-slack-registration\scripts\powershell\tests\Install.Admin.Tests.ps1" assertions="0" time="0.041" />
    <testcase name="install.admin.ps1.should print preflight handler names before Phase 2 apply checks" status="Passed" classname="D:\ruru\dotfiles\.worktrees\hermes-visible-browser-slack-registration\scripts\powershell\tests\Install.Admin.Tests.ps1" assertions="0" time="0.034" />
    <testcase name="install.admin.ps1.should skip WSL-dependent final processing when WSL is still unavailable" status="Passed" classname="D:\ruru\dotfiles\.worktrees\hermes-visible-browser-slack-registration\scripts\powershell\tests\Install.Admin.Tests.ps1" assertions="0" time="0.034" />
    <testcase name="install.admin.ps1.should skip WSL-dependent final processing after WslInstall requires restart" status="Passed" classname="D:\ruru\dotfiles\.worktrees\hermes-visible-browser-slack-registration\scripts\powershell\tests\Install.Admin.Tests.ps1" assertions="0" time="0.033" />
  </testsuite>
  <testsuite name="D:\ruru\dotfiles\.worktrees\hermes-visible-browser-slack-registration\scripts\powershell\tests\Install.Entrypoint.Tests.ps1" tests="3" errors="0" failures="0" hostname="BDW-IM8W-DBYOEM" id="3" skipped="0" disabled="0" package="D:\ruru\dotfiles\.worktrees\hermes-visible-browser-slack-registration\scripts\powershell\tests\Install.Entrypoint.Tests.ps1" time="2.341">
    <properties>
      <property name="clr-version" value="10.0.9" />
      <property name="machine-name" value="BDW-IM8W-DBYOEM" />
      <property name="user" value="KoheiMiki" />
      <property name="os-version" value="10.0.26300" />
      <property name="framework-version" value="5.6.1" />
      <property name="user-domain" value="AzureAD" />
      <property name="platform" value="Microsoft Windows 11 Pro Insider Preview|C:\WINDOWS|\Device\Harddisk0\Partition3" />
      <property name="cwd" value="D:\ruru\dotfiles\.worktrees\hermes-visible-browser-slack-registration\scripts\powershell" />
      <property name="junit-version" value="4" />
    </properties>
    <testcase name="install.cmd entrypoint.should execute install.ps1 directly and return before timeout" status="Passed" classname="D:\ruru\dotfiles\.worktrees\hermes-visible-browser-slack-registration\scripts\powershell\tests\Install.Entrypoint.Tests.ps1" assertions="0" time="0.737" />
    <testcase name="install.cmd entrypoint.should fall back to Windows PowerShell and still execute install.ps1 when pwsh is absent" status="Passed" classname="D:\ruru\dotfiles\.worktrees\hermes-visible-browser-slack-registration\scripts\powershell\tests\Install.Entrypoint.Tests.ps1" assertions="0" time="0.498" />
    <testcase name="install.cmd entrypoint.should drive the real install.ps1 orchestrator through Phase 2a and final completion" status="Passed" classname="D:\ruru\dotfiles\.worktrees\hermes-visible-browser-slack-registration\scripts\powershell\tests\Install.Entrypoint.Tests.ps1" assertions="0" time="0.823" />
  </testsuite>
  <testsuite name="D:\ruru\dotfiles\.worktrees\hermes-visible-browser-slack-registration\scripts\powershell\tests\Install.Orchestrator.Tests.ps1" tests="10" errors="0" failures="0" hostname="BDW-IM8W-DBYOEM" id="4" skipped="0" disabled="0" package="D:\ruru\dotfiles\.worktrees\hermes-visible-browser-slack-registration\scripts\powershell\tests\Install.Orchestrator.Tests.ps1" time="0.512">
    <properties>
      <property name="clr-version" value="10.0.9" />
      <property name="machine-name" value="BDW-IM8W-DBYOEM" />
      <property name="user" value="KoheiMiki" />
      <property name="os-version" value="10.0.26300" />
      <property name="framework-version" value="5.6.1" />
      <property name="user-domain" value="AzureAD" />
      <property name="platform" value="Microsoft Windows 11 Pro Insider Preview|C:\WINDOWS|\Device\Harddisk0\Partition3" />
      <property name="cwd" value="D:\ruru\dotfiles\.worktrees\hermes-visible-browser-slack-registration\scripts\powershell" />
      <property name="junit-version" value="4" />
    </properties>
    <testcase name="install.ps1 (orchestrator).should exist at scripts/powershell/install.ps1" status="Passed" classname="D:\ruru\dotfiles\.worktrees\hermes-visible-browser-slack-registration\scripts\powershell\tests\Install.Orchestrator.Tests.ps1" assertions="0" time="0.004" />
    <testcase name="install.ps1 (orchestrator).should parse without syntax errors" status="Passed" classname="D:\ruru\dotfiles\.worktrees\hermes-visible-browser-slack-registration\scripts\powershell\tests\Install.Orchestrator.Tests.ps1" assertions="0" time="0.006" />
    <testcase name="install.ps1 (orchestrator).should reference user/admin phase scripts" status="Passed" classname="D:\ruru\dotfiles\.worktrees\hermes-visible-browser-slack-registration\scripts\powershell\tests\Install.Orchestrator.Tests.ps1" assertions="0" time="0.027" />
    <testcase name="install.ps1 (orchestrator).should elevate admin phase with RunAs" status="Passed" classname="D:\ruru\dotfiles\.worktrees\hermes-visible-browser-slack-registration\scripts\powershell\tests\Install.Orchestrator.Tests.ps1" assertions="0" time="0.025" />
    <testcase name="install.ps1 (orchestrator).should handle canceled admin elevation without throwing" status="Passed" classname="D:\ruru\dotfiles\.worktrees\hermes-visible-browser-slack-registration\scripts\powershell\tests\Install.Orchestrator.Tests.ps1" assertions="0" time="0.025" />
    <testcase name="install.ps1 (orchestrator).should exit with failure when admin phase is skipped" status="Passed" classname="D:\ruru\dotfiles\.worktrees\hermes-visible-browser-slack-registration\scripts\powershell\tests\Install.Orchestrator.Tests.ps1" assertions="0" time="0.032" />
    <testcase name="install.ps1 (orchestrator).should support NoPause switch for non-interactive runs" status="Passed" classname="D:\ruru\dotfiles\.worktrees\hermes-visible-browser-slack-registration\scripts\powershell\tests\Install.Orchestrator.Tests.ps1" assertions="0" time="0.033" />
    <testcase name="install.ps1 (orchestrator).should support CI user-phase package verification switches" status="Passed" classname="D:\ruru\dotfiles\.worktrees\hermes-visible-browser-slack-registration\scripts\powershell\tests\Install.Orchestrator.Tests.ps1" assertions="0" time="0.035" />
    <testcase name="install.ps1 (orchestrator).should repair Windows environment variables before computing default paths" status="Passed" classname="D:\ruru\dotfiles\.worktrees\hermes-visible-browser-slack-registration\scripts\powershell\tests\Install.Orchestrator.Tests.ps1" assertions="0" time="0.008" />
    <testcase name="install.ps1 (orchestrator).install.cmd should prepend the PowerShell 7 MSI directory before resolving pwsh" status="Passed" classname="D:\ruru\dotfiles\.worktrees\hermes-visible-browser-slack-registration\scripts\powershell\tests\Install.Orchestrator.Tests.ps1" assertions="0" time="0.034" />
  </testsuite>
  <testsuite name="D:\ruru\dotfiles\.worktrees\hermes-visible-browser-slack-registration\scripts\powershell\tests\Install.Tests.ps1" tests="16" errors="0" failures="0" hostname="BDW-IM8W-DBYOEM" id="5" skipped="0" disabled="0" package="D:\ruru\dotfiles\.worktrees\hermes-visible-browser-slack-registration\scripts\powershell\tests\Install.Tests.ps1" time="2.762">
    <properties>
      <property name="clr-version" value="10.0.9" />
      <property name="machine-name" value="BDW-IM8W-DBYOEM" />
      <property name="user" value="KoheiMiki" />
      <property name="os-version" value="10.0.26300" />
      <property name="framework-version" value="5.6.1" />
      <property name="user-domain" value="AzureAD" />
      <property name="platform" value="Microsoft Windows 11 Pro Insider Preview|C:\WINDOWS|\Device\Harddisk0\Partition3" />
      <property name="cwd" value="D:\ruru\dotfiles\.worktrees\hermes-visible-browser-slack-registration\scripts\powershell" />
      <property name="junit-version" value="4" />
    </properties>
    <testcase name="Get-SetupHandler.should return empty array for empty directory" status="Passed" classname="D:\ruru\dotfiles\.worktrees\hermes-visible-browser-slack-registration\scripts\powershell\tests\Install.Tests.ps1" assertions="0" time="0.040" />
    <testcase name="Get-SetupHandler.should load files matching Handler.*.ps1 pattern" status="Passed" classname="D:\ruru\dotfiles\.worktrees\hermes-visible-browser-slack-registration\scripts\powershell\tests\Install.Tests.ps1" assertions="0" time="0.114" />
    <testcase name="Get-SetupHandler.should ignore files not matching pattern" status="Passed" classname="D:\ruru\dotfiles\.worktrees\hermes-visible-browser-slack-registration\scripts\powershell\tests\Install.Tests.ps1" assertions="0" time="0.050" />
    <testcase name="Get-SetupHandler.should warn and skip invalid handler files" status="Passed" classname="D:\ruru\dotfiles\.worktrees\hermes-visible-browser-slack-registration\scripts\powershell\tests\Install.Tests.ps1" assertions="0" time="0.326" />
    <testcase name="Get-SetupHandler.should return empty array for non-existent directory" status="Passed" classname="D:\ruru\dotfiles\.worktrees\hermes-visible-browser-slack-registration\scripts\powershell\tests\Install.Tests.ps1" assertions="0" time="0.028" />
    <testcase name="Select-SetupHandler.should sort handlers by Order in ascending order" status="Passed" classname="D:\ruru\dotfiles\.worktrees\hermes-visible-browser-slack-registration\scripts\powershell\tests\Install.Tests.ps1" assertions="0" time="0.030" />
    <testcase name="Select-SetupHandler.should maintain original order for same Order value (stable sort)" status="Passed" classname="D:\ruru\dotfiles\.worktrees\hermes-visible-browser-slack-registration\scripts\powershell\tests\Install.Tests.ps1" assertions="0" time="0.031" />
    <testcase name="Select-SetupHandler.should return empty result for empty array" status="Passed" classname="D:\ruru\dotfiles\.worktrees\hermes-visible-browser-slack-registration\scripts\powershell\tests\Install.Tests.ps1" assertions="0" time="0.032" />
    <testcase name="Invoke-SetupHandler - 実際のハンドラーを使用.should skip handlers in skip list" status="Passed" classname="D:\ruru\dotfiles\.worktrees\hermes-visible-browser-slack-registration\scripts\powershell\tests\Install.Tests.ps1" assertions="0" time="0.152" />
    <testcase name="クラスキャッシュ問題 - 複数回ロード.should not cause type conflicts when SetupHandler.ps1 is loaded multiple times" status="Passed" classname="D:\ruru\dotfiles\.worktrees\hermes-visible-browser-slack-registration\scripts\powershell\tests\Install.Tests.ps1" assertions="0" time="0.101" />
    <testcase name="クラスキャッシュ問題 - 複数回ロード.should allow handler to use SetupContext after multiple loads" status="Passed" classname="D:\ruru\dotfiles\.worktrees\hermes-visible-browser-slack-registration\scripts\powershell\tests\Install.Tests.ps1" assertions="0" time="0.439" />
    <testcase name="クラスキャッシュ問題 - 複数回ロード.should work when install.ps1 pattern is simulated" status="Passed" classname="D:\ruru\dotfiles\.worktrees\hermes-visible-browser-slack-registration\scripts\powershell\tests\Install.Tests.ps1" assertions="0" time="0.195" />
    <testcase name="Show-SetupSummary.should display success result with ✓ in Green" status="Passed" classname="D:\ruru\dotfiles\.worktrees\hermes-visible-browser-slack-registration\scripts\powershell\tests\Install.Tests.ps1" assertions="0" time="0.226" />
    <testcase name="Show-SetupSummary.should display failure result with ✗ in Red" status="Passed" classname="D:\ruru\dotfiles\.worktrees\hermes-visible-browser-slack-registration\scripts\powershell\tests\Install.Tests.ps1" assertions="0" time="0.052" />
    <testcase name="Show-SetupSummary.should display Summary header" status="Passed" classname="D:\ruru\dotfiles\.worktrees\hermes-visible-browser-slack-registration\scripts\powershell\tests\Install.Tests.ps1" assertions="0" time="0.106" />
    <testcase name="Show-SetupSummary.should display multiple results" status="Passed" classname="D:\ruru\dotfiles\.worktrees\hermes-visible-browser-slack-registration\scripts\powershell\tests\Install.Tests.ps1" assertions="0" time="0.188" />
  </testsuite>
  <testsuite name="D:\ruru\dotfiles\.worktrees\hermes-visible-browser-slack-registration\scripts\powershell\tests\Install.User.Tests.ps1" tests="5" errors="0" failures="0" hostname="BDW-IM8W-DBYOEM" id="6" skipped="0" disabled="0" package="D:\ruru\dotfiles\.worktrees\hermes-visible-browser-slack-registration\scripts\powershell\tests\Install.User.Tests.ps1" time="1.473">
    <properties>
      <property name="clr-version" value="10.0.9" />
      <property name="machine-name" value="BDW-IM8W-DBYOEM" />
      <property name="user" value="KoheiMiki" />
      <property name="os-version" value="10.0.26300" />
      <property name="framework-version" value="5.6.1" />
      <property name="user-domain" value="AzureAD" />
      <property name="platform" value="Microsoft Windows 11 Pro Insider Preview|C:\WINDOWS|\Device\Harddisk0\Partition3" />
      <property name="cwd" value="D:\ruru\dotfiles\.worktrees\hermes-visible-browser-slack-registration\scripts\powershell" />
      <property name="junit-version" value="4" />
    </properties>
    <testcase name="install.user.ps1.should exist at scripts/powershell/install.user.ps1" status="Passed" classname="D:\ruru\dotfiles\.worktrees\hermes-visible-browser-slack-registration\scripts\powershell\tests\Install.User.Tests.ps1" assertions="0" time="0.006" />
    <testcase name="install.user.ps1.should parse without syntax errors" status="Passed" classname="D:\ruru\dotfiles\.worktrees\hermes-visible-browser-slack-registration\scripts\powershell\tests\Install.User.Tests.ps1" assertions="0" time="0.009" />
    <testcase name="install.user.ps1.should return boolean in CheckOnly mode" status="Passed" classname="D:\ruru\dotfiles\.worktrees\hermes-visible-browser-slack-registration\scripts\powershell\tests\Install.User.Tests.ps1" assertions="0" time="1.153" />
    <testcase name="install.user.ps1.should filter handlers by Phase 1" status="Passed" classname="D:\ruru\dotfiles\.worktrees\hermes-visible-browser-slack-registration\scripts\powershell\tests\Install.User.Tests.ps1" assertions="0" time="0.043" />
    <testcase name="install.user.ps1.should repair Windows environment variables before computing default paths" status="Passed" classname="D:\ruru\dotfiles\.worktrees\hermes-visible-browser-slack-registration\scripts\powershell\tests\Install.User.Tests.ps1" assertions="0" time="0.009" />
  </testsuite>
  <testsuite name="D:\ruru\dotfiles\.worktrees\hermes-visible-browser-slack-registration\scripts\powershell\tests\PackageCatalog.Tests.ps1" tests="36" errors="0" failures="0" hostname="BDW-IM8W-DBYOEM" id="7" skipped="0" disabled="0" package="D:\ruru\dotfiles\.worktrees\hermes-visible-browser-slack-registration\scripts\powershell\tests\PackageCatalog.Tests.ps1" time="2.778">
    <properties>
      <property name="clr-version" value="10.0.9" />
      <property name="machine-name" value="BDW-IM8W-DBYOEM" />
      <property name="user" value="KoheiMiki" />
      <property name="os-version" value="10.0.26300" />
      <property name="framework-version" value="5.6.1" />
      <property name="user-domain" value="AzureAD" />
      <property name="platform" value="Microsoft Windows 11 Pro Insider Preview|C:\WINDOWS|\Device\Harddisk0\Partition3" />
      <property name="cwd" value="D:\ruru\dotfiles\.worktrees\hermes-visible-browser-slack-registration\scripts\powershell" />
      <property name="junit-version" value="4" />
    </properties>
    <testcase name="Package catalog consistency.Latest package policy.should not pin winget package versions in generated packages.json" status="Passed" classname="D:\ruru\dotfiles\.worktrees\hermes-visible-browser-slack-registration\scripts\powershell\tests\PackageCatalog.Tests.ps1" assertions="0" time="0.127" />
    <testcase name="Package catalog consistency.Latest package policy.should not require InstallerHashOverride for WezTerm nightly" status="Passed" classname="D:\ruru\dotfiles\.worktrees\hermes-visible-browser-slack-registration\scripts\powershell\tests\PackageCatalog.Tests.ps1" assertions="0" time="0.040" />
    <testcase name="Package catalog consistency.Latest package policy.should generate WezTerm nightly without ignore-security-hash install args" status="Passed" classname="D:\ruru\dotfiles\.worktrees\hermes-visible-browser-slack-registration\scripts\powershell\tests\PackageCatalog.Tests.ps1" assertions="0" time="0.138" />
    <testcase name="Package catalog consistency.Latest package policy.should keep terminal packages installable during normal winget runs" status="Passed" classname="D:\ruru\dotfiles\.worktrees\hermes-visible-browser-slack-registration\scripts\powershell\tests\PackageCatalog.Tests.ps1" assertions="0" time="0.067" />
    <testcase name="Package catalog consistency.Latest package policy.should generate terminal packages without normal-run skipInstall metadata" status="Passed" classname="D:\ruru\dotfiles\.worktrees\hermes-visible-browser-slack-registration\scripts\powershell\tests\PackageCatalog.Tests.ps1" assertions="0" time="0.073" />
    <testcase name="Package catalog consistency.Latest package policy.should keep volatile terminal installers out of CI-only winget verification" status="Passed" classname="D:\ruru\dotfiles\.worktrees\hermes-visible-browser-slack-registration\scripts\powershell\tests\PackageCatalog.Tests.ps1" assertions="0" time="0.046" />
    <testcase name="Package catalog consistency.Latest package policy.should cap Warp direct installer time so install.cmd cannot hang indefinitely" status="Passed" classname="D:\ruru\dotfiles\.worktrees\hermes-visible-browser-slack-registration\scripts\powershell\tests\PackageCatalog.Tests.ps1" assertions="0" time="0.049" />
    <testcase name="Package catalog consistency.Latest package policy.should install Warp through the direct user-scope Inno installer during normal winget runs" status="Passed" classname="D:\ruru\dotfiles\.worktrees\hermes-visible-browser-slack-registration\scripts\powershell\tests\PackageCatalog.Tests.ps1" assertions="0" time="0.035" />
    <testcase name="Package catalog consistency.Latest package policy.should update flake inputs in the Nix rebuild aliases before applying the system" status="Passed" classname="D:\ruru\dotfiles\.worktrees\hermes-visible-browser-slack-registration\scripts\powershell\tests\PackageCatalog.Tests.ps1" assertions="0" time="0.038" />
    <testcase name="Package catalog consistency.Latest package policy.should update flake inputs before every scripted NixOS rebuild entry point" status="Passed" classname="D:\ruru\dotfiles\.worktrees\hermes-visible-browser-slack-registration\scripts\powershell\tests\PackageCatalog.Tests.ps1" assertions="0" time="0.028" />
    <testcase name="Package catalog consistency.Latest package policy.should source gwq from a flake input so nix flake update can move it forward" status="Passed" classname="D:\ruru\dotfiles\.worktrees\hermes-visible-browser-slack-registration\scripts\powershell\tests\PackageCatalog.Tests.ps1" assertions="0" time="0.038" />
    <testcase name="Package catalog consistency.Windows-only WSL package.should include Microsoft.WSL as a Windows-only winget package in the SSOT" status="Passed" classname="D:\ruru\dotfiles\.worktrees\hermes-visible-browser-slack-registration\scripts\powershell\tests\PackageCatalog.Tests.ps1" assertions="0" time="0.024" />
    <testcase name="Package catalog consistency.Windows-only WSL package.should define Microsoft.WSL verification as a timed runtime check with repair then reinstall recovery in the SSOT" status="Passed" classname="D:\ruru\dotfiles\.worktrees\hermes-visible-browser-slack-registration\scripts\powershell\tests\PackageCatalog.Tests.ps1" assertions="0" time="0.026" />
    <testcase name="Package catalog consistency.Windows-only WSL package.should generate Microsoft.WSL into windows winget packages.json under the winget source" status="Passed" classname="D:\ruru\dotfiles\.worktrees\hermes-visible-browser-slack-registration\scripts\powershell\tests\PackageCatalog.Tests.ps1" assertions="0" time="0.056" />
    <testcase name="Package catalog consistency.Windows-only WSL package.should verify Microsoft.WSL by running wsl --version with timeout and repair then reinstall recovery" status="Passed" classname="D:\ruru\dotfiles\.worktrees\hermes-visible-browser-slack-registration\scripts\powershell\tests\PackageCatalog.Tests.ps1" assertions="0" time="0.044" />
    <testcase name="Package catalog consistency.Google Cloud SDK package.should define a longer winget install timeout and gcloud PATH entry in the SSOT" status="Passed" classname="D:\ruru\dotfiles\.worktrees\hermes-visible-browser-slack-registration\scripts\powershell\tests\PackageCatalog.Tests.ps1" assertions="0" time="0.035" />
    <testcase name="Package catalog consistency.Google Cloud SDK package.should generate Google.CloudSDK install timeout and gcloud PATH entry" status="Passed" classname="D:\ruru\dotfiles\.worktrees\hermes-visible-browser-slack-registration\scripts\powershell\tests\PackageCatalog.Tests.ps1" assertions="0" time="0.083" />
    <testcase name="Package catalog consistency.1Password CLI package.should define the real op package directory in the SSOT before winget verification" status="Passed" classname="D:\ruru\dotfiles\.worktrees\hermes-visible-browser-slack-registration\scripts\powershell\tests\PackageCatalog.Tests.ps1" assertions="0" time="0.032" />
    <testcase name="Package catalog consistency.1Password CLI package.should generate op package path metadata into winget packages.json" status="Passed" classname="D:\ruru\dotfiles\.worktrees\hermes-visible-browser-slack-registration\scripts\powershell\tests\PackageCatalog.Tests.ps1" assertions="0" time="0.063" />
    <testcase name="Package catalog consistency.Codex CLI package.should define Codex portable link metadata in the SSOT before winget verification" status="Passed" classname="D:\ruru\dotfiles\.worktrees\hermes-visible-browser-slack-registration\scripts\powershell\tests\PackageCatalog.Tests.ps1" assertions="0" time="0.038" />
    <testcase name="Package catalog consistency.Codex CLI package.should generate Codex portable link metadata into winget packages.json" status="Passed" classname="D:\ruru\dotfiles\.worktrees\hermes-visible-browser-slack-registration\scripts\powershell\tests\PackageCatalog.Tests.ps1" assertions="0" time="0.071" />
    <testcase name="Package catalog consistency.StyLua package.should generate Lua Language Server with command verification" status="Passed" classname="D:\ruru\dotfiles\.worktrees\hermes-visible-browser-slack-registration\scripts\powershell\tests\PackageCatalog.Tests.ps1" assertions="0" time="0.066" />
    <testcase name="Package catalog consistency.StyLua package.should generate StyLua with command verification" status="Passed" classname="D:\ruru\dotfiles\.worktrees\hermes-visible-browser-slack-registration\scripts\powershell\tests\PackageCatalog.Tests.ps1" assertions="0" time="0.069" />
    <testcase name="Package catalog consistency.Codex Desktop Microsoft Store package.should include Codex Desktop as a Windows-only Microsoft Store package in the SSOT" status="Passed" classname="D:\ruru\dotfiles\.worktrees\hermes-visible-browser-slack-registration\scripts\powershell\tests\PackageCatalog.Tests.ps1" assertions="0" time="0.032" />
    <testcase name="Package catalog consistency.Codex Desktop Microsoft Store package.should define Codex Desktop AppX launch target verification in the SSOT" status="Passed" classname="D:\ruru\dotfiles\.worktrees\hermes-visible-browser-slack-registration\scripts\powershell\tests\PackageCatalog.Tests.ps1" assertions="0" time="0.034" />
    <testcase name="Package catalog consistency.Codex Desktop Microsoft Store package.should skip Codex Desktop live Store install in the CI smoke test" status="Passed" classname="D:\ruru\dotfiles\.worktrees\hermes-visible-browser-slack-registration\scripts\powershell\tests\PackageCatalog.Tests.ps1" assertions="0" time="0.032" />
    <testcase name="Package catalog consistency.Codex Desktop Microsoft Store package.should generate Codex Desktop under the msstore source with launch target verification" status="Passed" classname="D:\ruru\dotfiles\.worktrees\hermes-visible-browser-slack-registration\scripts\powershell\tests\PackageCatalog.Tests.ps1" assertions="0" time="0.088" />
    <testcase name="Package catalog consistency.Devcontainer CLI package.should define devcontainer with both Nix and Windows npm package mappings in the SSOT" status="Passed" classname="D:\ruru\dotfiles\.worktrees\hermes-visible-browser-slack-registration\scripts\powershell\tests\PackageCatalog.Tests.ps1" assertions="0" time="0.036" />
    <testcase name="Package catalog consistency.Devcontainer CLI package.should generate @devcontainers/cli into the Windows npm package catalog with verification" status="Passed" classname="D:\ruru\dotfiles\.worktrees\hermes-visible-browser-slack-registration\scripts\powershell\tests\PackageCatalog.Tests.ps1" assertions="0" time="0.062" />
    <testcase name="Package catalog consistency.Devcontainer CLI package.should have winget-export generate npm packages.json from the SSOT" status="Passed" classname="D:\ruru\dotfiles\.worktrees\hermes-visible-browser-slack-registration\scripts\powershell\tests\PackageCatalog.Tests.ps1" assertions="0" time="0.053" />
    <testcase name="Package catalog consistency.Windows Orca and Python installation policy.should manage Orca as a Windows-only winget package and avoid native Python winget installs in the SSOT" status="Passed" classname="D:\ruru\dotfiles\.worktrees\hermes-visible-browser-slack-registration\scripts\powershell\tests\PackageCatalog.Tests.ps1" assertions="0" time="0.044" />
    <testcase name="Package catalog consistency.Windows Orca and Python installation policy.should generate Orca and uv without the native Python winget package" status="Passed" classname="D:\ruru\dotfiles\.worktrees\hermes-visible-browser-slack-registration\scripts\powershell\tests\PackageCatalog.Tests.ps1" assertions="0" time="0.127" />
    <testcase name="Package catalog consistency.Windows native Rust browser automation tools.should manage agent-browser as a Windows npm global package with verification" status="Passed" classname="D:\ruru\dotfiles\.worktrees\hermes-visible-browser-slack-registration\scripts\powershell\tests\PackageCatalog.Tests.ps1" assertions="0" time="0.036" />
    <testcase name="Package catalog consistency.Windows native Rust browser automation tools.should generate agent-browser into the Windows npm package catalog with verification" status="Passed" classname="D:\ruru\dotfiles\.worktrees\hermes-visible-browser-slack-registration\scripts\powershell\tests\PackageCatalog.Tests.ps1" assertions="0" time="0.071" />
    <testcase name="Package catalog consistency.Windows native Rust browser automation tools.should include Visual Studio Build Tools with C++ workload install metadata in the SSOT" status="Passed" classname="D:\ruru\dotfiles\.worktrees\hermes-visible-browser-slack-registration\scripts\powershell\tests\PackageCatalog.Tests.ps1" assertions="0" time="0.036" />
    <testcase name="Package catalog consistency.Windows native Rust browser automation tools.should generate Visual Studio Build Tools with C++ workload install metadata" status="Passed" classname="D:\ruru\dotfiles\.worktrees\hermes-visible-browser-slack-registration\scripts\powershell\tests\PackageCatalog.Tests.ps1" assertions="0" time="0.061" />
  </testsuite>
  <testsuite name="D:\ruru\dotfiles\.worktrees\hermes-visible-browser-slack-registration\scripts\powershell\tests\PSScriptAnalyzer.Tests.ps1" tests="29" errors="0" failures="0" hostname="BDW-IM8W-DBYOEM" id="8" skipped="0" disabled="0" package="D:\ruru\dotfiles\.worktrees\hermes-visible-browser-slack-registration\scripts\powershell\tests\PSScriptAnalyzer.Tests.ps1" time="20.176">
    <properties>
      <property name="clr-version" value="10.0.9" />
      <property name="machine-name" value="BDW-IM8W-DBYOEM" />
      <property name="user" value="KoheiMiki" />
      <property name="os-version" value="10.0.26300" />
      <property name="framework-version" value="5.6.1" />
      <property name="user-domain" value="AzureAD" />
      <property name="platform" value="Microsoft Windows 11 Pro Insider Preview|C:\WINDOWS|\Device\Harddisk0\Partition3" />
      <property name="cwd" value="D:\ruru\dotfiles\.worktrees\hermes-visible-browser-slack-registration\scripts\powershell" />
      <property name="junit-version" value="4" />
    </properties>
    <testcase name="PSScriptAnalyzer - 静的解析.ライブラリファイル.should have no Error/Warning in lib\SetupHandler.ps1" status="Passed" classname="D:\ruru\dotfiles\.worktrees\hermes-visible-browser-slack-registration\scripts\powershell\tests\PSScriptAnalyzer.Tests.ps1" assertions="0" time="2.214" />
    <testcase name="PSScriptAnalyzer - 静的解析.ライブラリファイル.should have no Error/Warning in lib\Invoke-ExternalCommand.ps1" status="Passed" classname="D:\ruru\dotfiles\.worktrees\hermes-visible-browser-slack-registration\scripts\powershell\tests\PSScriptAnalyzer.Tests.ps1" assertions="0" time="3.805" />
    <testcase name="PSScriptAnalyzer - 静的解析.ハンドラーファイル.should have no Error/Warning in handlers\Handler.Bun.ps1" status="Passed" classname="D:\ruru\dotfiles\.worktrees\hermes-visible-browser-slack-registration\scripts\powershell\tests\PSScriptAnalyzer.Tests.ps1" assertions="0" time="0.367" />
    <testcase name="PSScriptAnalyzer - 静的解析.ハンドラーファイル.should have no Error/Warning in handlers\Handler.Chezmoi.ps1" status="Passed" classname="D:\ruru\dotfiles\.worktrees\hermes-visible-browser-slack-registration\scripts\powershell\tests\PSScriptAnalyzer.Tests.ps1" assertions="0" time="1.049" />
    <testcase name="PSScriptAnalyzer - 静的解析.ハンドラーファイル.should have no Error/Warning in handlers\Handler.ClaudeCode.ps1" status="Passed" classname="D:\ruru\dotfiles\.worktrees\hermes-visible-browser-slack-registration\scripts\powershell\tests\PSScriptAnalyzer.Tests.ps1" assertions="0" time="0.236" />
    <testcase name="PSScriptAnalyzer - 静的解析.ハンドラーファイル.should have no Error/Warning in handlers\Handler.Codex.ps1" status="Passed" classname="D:\ruru\dotfiles\.worktrees\hermes-visible-browser-slack-registration\scripts\powershell\tests\PSScriptAnalyzer.Tests.ps1" assertions="0" time="0.036" />
    <testcase name="PSScriptAnalyzer - 静的解析.ハンドラーファイル.should have no Error/Warning in handlers\Handler.Docker.ps1" status="Passed" classname="D:\ruru\dotfiles\.worktrees\hermes-visible-browser-slack-registration\scripts\powershell\tests\PSScriptAnalyzer.Tests.ps1" assertions="0" time="0.923" />
    <testcase name="PSScriptAnalyzer - 静的解析.ハンドラーファイル.should have no Error/Warning in handlers\Handler.HermesAgent.ps1" status="Passed" classname="D:\ruru\dotfiles\.worktrees\hermes-visible-browser-slack-registration\scripts\powershell\tests\PSScriptAnalyzer.Tests.ps1" assertions="0" time="0.179" />
    <testcase name="PSScriptAnalyzer - 静的解析.ハンドラーファイル.should have no Error/Warning in handlers\Handler.NixOSWSL.ps1" status="Passed" classname="D:\ruru\dotfiles\.worktrees\hermes-visible-browser-slack-registration\scripts\powershell\tests\PSScriptAnalyzer.Tests.ps1" assertions="0" time="0.356" />
    <testcase name="PSScriptAnalyzer - 静的解析.ハンドラーファイル.should have no Error/Warning in handlers\Handler.NixRebuild.ps1" status="Passed" classname="D:\ruru\dotfiles\.worktrees\hermes-visible-browser-slack-registration\scripts\powershell\tests\PSScriptAnalyzer.Tests.ps1" assertions="0" time="0.247" />
    <testcase name="PSScriptAnalyzer - 静的解析.ハンドラーファイル.should have no Error/Warning in handlers\Handler.Npm.ps1" status="Passed" classname="D:\ruru\dotfiles\.worktrees\hermes-visible-browser-slack-registration\scripts\powershell\tests\PSScriptAnalyzer.Tests.ps1" assertions="0" time="0.419" />
    <testcase name="PSScriptAnalyzer - 静的解析.ハンドラーファイル.should have no Error/Warning in handlers\Handler.OnePasswordCli.ps1" status="Passed" classname="D:\ruru\dotfiles\.worktrees\hermes-visible-browser-slack-registration\scripts\powershell\tests\PSScriptAnalyzer.Tests.ps1" assertions="0" time="0.025" />
    <testcase name="PSScriptAnalyzer - 静的解析.ハンドラーファイル.should have no Error/Warning in handlers\Handler.Plane.ps1" status="Passed" classname="D:\ruru\dotfiles\.worktrees\hermes-visible-browser-slack-registration\scripts\powershell\tests\PSScriptAnalyzer.Tests.ps1" assertions="0" time="0.969" />
    <testcase name="PSScriptAnalyzer - 静的解析.ハンドラーファイル.should have no Error/Warning in handlers\Handler.PlaneGithubSync.ps1" status="Passed" classname="D:\ruru\dotfiles\.worktrees\hermes-visible-browser-slack-registration\scripts\powershell\tests\PSScriptAnalyzer.Tests.ps1" assertions="0" time="1.555" />
    <testcase name="PSScriptAnalyzer - 静的解析.ハンドラーファイル.should have no Error/Warning in handlers\Handler.Pnpm.ps1" status="Passed" classname="D:\ruru\dotfiles\.worktrees\hermes-visible-browser-slack-registration\scripts\powershell\tests\PSScriptAnalyzer.Tests.ps1" assertions="0" time="0.498" />
    <testcase name="PSScriptAnalyzer - 静的解析.ハンドラーファイル.should have no Error/Warning in handlers\Handler.VhdManager.ps1" status="Passed" classname="D:\ruru\dotfiles\.worktrees\hermes-visible-browser-slack-registration\scripts\powershell\tests\PSScriptAnalyzer.Tests.ps1" assertions="0" time="1.014" />
    <testcase name="PSScriptAnalyzer - 静的解析.ハンドラーファイル.should have no Error/Warning in handlers\Handler.VscodeServer.ps1" status="Passed" classname="D:\ruru\dotfiles\.worktrees\hermes-visible-browser-slack-registration\scripts\powershell\tests\PSScriptAnalyzer.Tests.ps1" assertions="0" time="0.032" />
    <testcase name="PSScriptAnalyzer - 静的解析.ハンドラーファイル.should have no Error/Warning in handlers\Handler.Winget.ps1" status="Passed" classname="D:\ruru\dotfiles\.worktrees\hermes-visible-browser-slack-registration\scripts\powershell\tests\PSScriptAnalyzer.Tests.ps1" assertions="0" time="0.645" />
    <testcase name="PSScriptAnalyzer - 静的解析.ハンドラーファイル.should have no Error/Warning in handlers\Handler.WslConfig.ps1" status="Passed" classname="D:\ruru\dotfiles\.worktrees\hermes-visible-browser-slack-registration\scripts\powershell\tests\PSScriptAnalyzer.Tests.ps1" assertions="0" time="0.053" />
    <testcase name="PSScriptAnalyzer - 静的解析.ハンドラーファイル.should have no Error/Warning in handlers\Handler.WslInstall.ps1" status="Passed" classname="D:\ruru\dotfiles\.worktrees\hermes-visible-browser-slack-registration\scripts\powershell\tests\PSScriptAnalyzer.Tests.ps1" assertions="0" time="0.385" />
    <testcase name="PSScriptAnalyzer - 静的解析.全体的なコード品質.should have no Critical issues in all source files" status="Passed" classname="D:\ruru\dotfiles\.worktrees\hermes-visible-browser-slack-registration\scripts\powershell\tests\PSScriptAnalyzer.Tests.ps1" assertions="0" time="1.239" />
    <testcase name="PSScriptAnalyzer - 静的解析.全体的なコード品質.should have 0 Error/Warning issues in the entire project" status="Passed" classname="D:\ruru\dotfiles\.worktrees\hermes-visible-browser-slack-registration\scripts\powershell\tests\PSScriptAnalyzer.Tests.ps1" assertions="0" time="0.961" />
    <testcase name="PSScriptAnalyzer - 静的解析.ベストプラクティス.should have at least one CmdletBinding attribute in wrapper file" status="Passed" classname="D:\ruru\dotfiles\.worktrees\hermes-visible-browser-slack-registration\scripts\powershell\tests\PSScriptAnalyzer.Tests.ps1" assertions="0" time="0.051" />
    <testcase name="PSScriptAnalyzer - 静的解析.ベストプラクティス.should have all handler classes inherit from SetupHandlerBase" status="Passed" classname="D:\ruru\dotfiles\.worktrees\hermes-visible-browser-slack-registration\scripts\powershell\tests\PSScriptAnalyzer.Tests.ps1" assertions="0" time="0.119" />
    <testcase name="PSScriptAnalyzer - 設定ファイル.should exist at expected path" status="Passed" classname="D:\ruru\dotfiles\.worktrees\hermes-visible-browser-slack-registration\scripts\powershell\tests\PSScriptAnalyzer.Tests.ps1" assertions="0" time="0.051" />
    <testcase name="PSScriptAnalyzer - 設定ファイル.should be a valid PowerShell data file" status="Passed" classname="D:\ruru\dotfiles\.worktrees\hermes-visible-browser-slack-registration\scripts\powershell\tests\PSScriptAnalyzer.Tests.ps1" assertions="0" time="0.072" />
    <testcase name="PSScriptAnalyzer - 設定ファイル.should have ExcludeRules defined" status="Passed" classname="D:\ruru\dotfiles\.worktrees\hermes-visible-browser-slack-registration\scripts\powershell\tests\PSScriptAnalyzer.Tests.ps1" assertions="0" time="0.044" />
    <testcase name="PSScriptAnalyzer - 設定ファイル.should have Error in Severity list" status="Passed" classname="D:\ruru\dotfiles\.worktrees\hermes-visible-browser-slack-registration\scripts\powershell\tests\PSScriptAnalyzer.Tests.ps1" assertions="0" time="0.074" />
    <testcase name="PSScriptAnalyzer - 設定ファイル.should have Warning in Severity list" status="Passed" classname="D:\ruru\dotfiles\.worktrees\hermes-visible-browser-slack-registration\scripts\powershell\tests\PSScriptAnalyzer.Tests.ps1" assertions="0" time="0.005" />
  </testsuite>
  <testsuite name="D:\ruru\dotfiles\.worktrees\hermes-visible-browser-slack-registration\scripts\powershell\tests\Sync.PlaneGithub.Tests.ps1" tests="45" errors="0" failures="0" hostname="BDW-IM8W-DBYOEM" id="9" skipped="0" disabled="0" package="D:\ruru\dotfiles\.worktrees\hermes-visible-browser-slack-registration\scripts\powershell\tests\Sync.PlaneGithub.Tests.ps1" time="6.770">
    <properties>
      <property name="clr-version" value="10.0.9" />
      <property name="machine-name" value="BDW-IM8W-DBYOEM" />
      <property name="user" value="KoheiMiki" />
      <property name="os-version" value="10.0.26300" />
      <property name="framework-version" value="5.6.1" />
      <property name="user-domain" value="AzureAD" />
      <property name="platform" value="Microsoft Windows 11 Pro Insider Preview|C:\WINDOWS|\Device\Harddisk0\Partition3" />
      <property name="cwd" value="D:\ruru\dotfiles\.worktrees\hermes-visible-browser-slack-registration\scripts\powershell" />
      <property name="junit-version" value="4" />
    </properties>
    <testcase name="Plane GitHub sync configuration.ships mappings for local project repositories" status="Passed" classname="D:\ruru\dotfiles\.worktrees\hermes-visible-browser-slack-registration\scripts\powershell\tests\Sync.PlaneGithub.Tests.ps1" assertions="0" time="0.058" />
    <testcase name="Plane GitHub sync configuration.uses the configured 1Password reference for the Plane API token" status="Passed" classname="D:\ruru\dotfiles\.worktrees\hermes-visible-browser-slack-registration\scripts\powershell\tests\Sync.PlaneGithub.Tests.ps1" assertions="0" time="0.045" />
    <testcase name="Plane GitHub sync configuration.uses the configured local Plane workspace slug without a placeholder" status="Passed" classname="D:\ruru\dotfiles\.worktrees\hermes-visible-browser-slack-registration\scripts\powershell\tests\Sync.PlaneGithub.Tests.ps1" assertions="0" time="0.040" />
    <testcase name="Plane GitHub sync state.uses state.json next to the config when statePath is not configured" status="Passed" classname="D:\ruru\dotfiles\.worktrees\hermes-visible-browser-slack-registration\scripts\powershell\tests\Sync.PlaneGithub.Tests.ps1" assertions="0" time="0.108" />
    <testcase name="Plane GitHub sync state.uses a relative state.json path when config path has no parent directory" status="Passed" classname="D:\ruru\dotfiles\.worktrees\hermes-visible-browser-slack-registration\scripts\powershell\tests\Sync.PlaneGithub.Tests.ps1" assertions="0" time="0.040" />
    <testcase name="Plane GitHub sync state.uses configured relative statePath as-is" status="Passed" classname="D:\ruru\dotfiles\.worktrees\hermes-visible-browser-slack-registration\scripts\powershell\tests\Sync.PlaneGithub.Tests.ps1" assertions="0" time="0.047" />
    <testcase name="Plane GitHub sync state.expands embedded environment variables in configured statePath" status="Passed" classname="D:\ruru\dotfiles\.worktrees\hermes-visible-browser-slack-registration\scripts\powershell\tests\Sync.PlaneGithub.Tests.ps1" assertions="0" time="0.094" />
    <testcase name="Plane GitHub sync state.loads an empty sync state when the state file does not exist" status="Passed" classname="D:\ruru\dotfiles\.worktrees\hermes-visible-browser-slack-registration\scripts\powershell\tests\Sync.PlaneGithub.Tests.ps1" assertions="0" time="0.043" />
    <testcase name="Plane GitHub sync state.saves and reloads sync state links" status="Passed" classname="D:\ruru\dotfiles\.worktrees\hermes-visible-browser-slack-registration\scripts\powershell\tests\Sync.PlaneGithub.Tests.ps1" assertions="0" time="0.106" />
    <testcase name="Plane GitHub sync state.creates literal parent directories when saving sync state" status="Passed" classname="D:\ruru\dotfiles\.worktrees\hermes-visible-browser-slack-registration\scripts\powershell\tests\Sync.PlaneGithub.Tests.ps1" assertions="0" time="0.085" />
    <testcase name="Plane GitHub sync state.builds different fingerprints when title, body, or state changes" status="Passed" classname="D:\ruru\dotfiles\.worktrees\hermes-visible-browser-slack-registration\scripts\powershell\tests\Sync.PlaneGithub.Tests.ps1" assertions="0" time="0.086" />
    <testcase name="Plane GitHub sync state.builds deterministic lowercase SHA256 fingerprints" status="Passed" classname="D:\ruru\dotfiles\.worktrees\hermes-visible-browser-slack-registration\scripts\powershell\tests\Sync.PlaneGithub.Tests.ps1" assertions="0" time="0.047" />
    <testcase name="GitHub issue helpers.lists GitHub issues from slurped paginated output" status="Passed" classname="D:\ruru\dotfiles\.worktrees\hermes-visible-browser-slack-registration\scripts\powershell\tests\Sync.PlaneGithub.Tests.ps1" assertions="0" time="0.135" />
    <testcase name="GitHub issue helpers.returns no GitHub issues when list output is empty" status="Passed" classname="D:\ruru\dotfiles\.worktrees\hermes-visible-browser-slack-registration\scripts\powershell\tests\Sync.PlaneGithub.Tests.ps1" assertions="0" time="0.051" />
    <testcase name="GitHub issue helpers.throws when listing GitHub issues fails" status="Passed" classname="D:\ruru\dotfiles\.worktrees\hermes-visible-browser-slack-registration\scripts\powershell\tests\Sync.PlaneGithub.Tests.ps1" assertions="0" time="0.110" />
    <testcase name="GitHub issue helpers.filters pull requests returned by GitHub issues" status="Passed" classname="D:\ruru\dotfiles\.worktrees\hermes-visible-browser-slack-registration\scripts\powershell\tests\Sync.PlaneGithub.Tests.ps1" assertions="0" time="0.127" />
    <testcase name="GitHub issue helpers.returns no syncable GitHub issues when input is null" status="Passed" classname="D:\ruru\dotfiles\.worktrees\hermes-visible-browser-slack-registration\scripts\powershell\tests\Sync.PlaneGithub.Tests.ps1" assertions="0" time="0.039" />
    <testcase name="GitHub issue helpers.patches a GitHub issue with title, body, and state" status="Passed" classname="D:\ruru\dotfiles\.worktrees\hermes-visible-browser-slack-registration\scripts\powershell\tests\Sync.PlaneGithub.Tests.ps1" assertions="0" time="0.064" />
    <testcase name="GitHub issue helpers.returns an empty object when patch output is empty" status="Passed" classname="D:\ruru\dotfiles\.worktrees\hermes-visible-browser-slack-registration\scripts\powershell\tests\Sync.PlaneGithub.Tests.ps1" assertions="0" time="0.057" />
    <testcase name="GitHub issue helpers.throws when patching a GitHub issue fails" status="Passed" classname="D:\ruru\dotfiles\.worktrees\hermes-visible-browser-slack-registration\scripts\powershell\tests\Sync.PlaneGithub.Tests.ps1" assertions="0" time="0.083" />
    <testcase name="GitHub issue helpers.maps Plane fields to a closed GitHub issue update" status="Passed" classname="D:\ruru\dotfiles\.worktrees\hermes-visible-browser-slack-registration\scripts\powershell\tests\Sync.PlaneGithub.Tests.ps1" assertions="0" time="0.197" />
    <testcase name="GitHub issue helpers.extracts issue numbers from GitHub issue URLs" status="Passed" classname="D:\ruru\dotfiles\.worktrees\hermes-visible-browser-slack-registration\scripts\powershell\tests\Sync.PlaneGithub.Tests.ps1" assertions="0" time="0.043" />
    <testcase name="GitHub issue helpers.builds the same identity key for GitHub API and web issue URLs" status="Passed" classname="D:\ruru\dotfiles\.worktrees\hermes-visible-browser-slack-registration\scripts\powershell\tests\Sync.PlaneGithub.Tests.ps1" assertions="0" time="0.046" />
    <testcase name="GitHub issue helpers.rejects GitHub issue identity keys for other repositories" status="Passed" classname="D:\ruru\dotfiles\.worktrees\hermes-visible-browser-slack-registration\scripts\powershell\tests\Sync.PlaneGithub.Tests.ps1" assertions="0" time="0.044" />
    <testcase name="Plane work item helpers.selects completed and open Plane states by group" status="Passed" classname="D:\ruru\dotfiles\.worktrees\hermes-visible-browser-slack-registration\scripts\powershell\tests\Sync.PlaneGithub.Tests.ps1" assertions="0" time="0.048" />
    <testcase name="Plane work item helpers.prefers unstarted before backlog before started for open GitHub issues" status="Passed" classname="D:\ruru\dotfiles\.worktrees\hermes-visible-browser-slack-registration\scripts\powershell\tests\Sync.PlaneGithub.Tests.ps1" assertions="0" time="0.061" />
    <testcase name="Plane work item helpers.does not allow Plane API Put requests for work item sync" status="Passed" classname="D:\ruru\dotfiles\.worktrees\hermes-visible-browser-slack-registration\scripts\powershell\tests\Sync.PlaneGithub.Tests.ps1" assertions="0" time="0.082" />
    <testcase name="Plane work item helpers.reads every page from Plane API cursor collections" status="Passed" classname="D:\ruru\dotfiles\.worktrees\hermes-visible-browser-slack-registration\scripts\powershell\tests\Sync.PlaneGithub.Tests.ps1" assertions="0" time="0.174" />
    <testcase name="Plane work item helpers.creates a GitHub issue in Plane with external identity" status="Passed" classname="D:\ruru\dotfiles\.worktrees\hermes-visible-browser-slack-registration\scripts\powershell\tests\Sync.PlaneGithub.Tests.ps1" assertions="0" time="0.121" />
    <testcase name="Plane work item helpers.returns a GitHub external id only for GitHub-linked Plane work items" status="Passed" classname="D:\ruru\dotfiles\.worktrees\hermes-visible-browser-slack-registration\scripts\powershell\tests\Sync.PlaneGithub.Tests.ps1" assertions="0" time="0.041" />
    <testcase name="Plane work item helpers.treats completed and cancelled Plane state groups as closed" status="Passed" classname="D:\ruru\dotfiles\.worktrees\hermes-visible-browser-slack-registration\scripts\powershell\tests\Sync.PlaneGithub.Tests.ps1" assertions="0" time="0.044" />
    <testcase name="Plane work item helpers.patches a Plane work item from a GitHub issue" status="Passed" classname="D:\ruru\dotfiles\.worktrees\hermes-visible-browser-slack-registration\scripts\powershell\tests\Sync.PlaneGithub.Tests.ps1" assertions="0" time="0.164" />
    <testcase name="Invoke-PlaneGithubSync.creates a GitHub issue for an unlinked Plane work item and writes the link back" status="Passed" classname="D:\ruru\dotfiles\.worktrees\hermes-visible-browser-slack-registration\scripts\powershell\tests\Sync.PlaneGithub.Tests.ps1" assertions="0" time="0.560" />
    <testcase name="Invoke-PlaneGithubSync.saves the post-link Plane fingerprint after creating a GitHub issue" status="Passed" classname="D:\ruru\dotfiles\.worktrees\hermes-visible-browser-slack-registration\scripts\powershell\tests\Sync.PlaneGithub.Tests.ps1" assertions="0" time="0.257" />
    <testcase name="Invoke-PlaneGithubSync.closes a GitHub issue created from an already closed Plane work item" status="Passed" classname="D:\ruru\dotfiles\.worktrees\hermes-visible-browser-slack-registration\scripts\powershell\tests\Sync.PlaneGithub.Tests.ps1" assertions="0" time="0.317" />
    <testcase name="Invoke-PlaneGithubSync.links an unlinked Plane work item to an existing GitHub issue with the same sync marker" status="Passed" classname="D:\ruru\dotfiles\.worktrees\hermes-visible-browser-slack-registration\scripts\powershell\tests\Sync.PlaneGithub.Tests.ps1" assertions="0" time="0.328" />
    <testcase name="Invoke-PlaneGithubSync.creates a Plane work item for a GitHub issue that is not in Plane" status="Passed" classname="D:\ruru\dotfiles\.worktrees\hermes-visible-browser-slack-registration\scripts\powershell\tests\Sync.PlaneGithub.Tests.ps1" assertions="0" time="0.297" />
    <testcase name="Invoke-PlaneGithubSync.updates GitHub when only the linked Plane work item changed" status="Passed" classname="D:\ruru\dotfiles\.worktrees\hermes-visible-browser-slack-registration\scripts\powershell\tests\Sync.PlaneGithub.Tests.ps1" assertions="0" time="0.249" />
    <testcase name="Invoke-PlaneGithubSync.updates Plane from GitHub when both linked sides changed" status="Passed" classname="D:\ruru\dotfiles\.worktrees\hermes-visible-browser-slack-registration\scripts\powershell\tests\Sync.PlaneGithub.Tests.ps1" assertions="0" time="0.198" />
    <testcase name="Invoke-PlaneGithubSync.records a baseline without mutating either side when state is missing for an existing link" status="Passed" classname="D:\ruru\dotfiles\.worktrees\hermes-visible-browser-slack-registration\scripts\powershell\tests\Sync.PlaneGithub.Tests.ps1" assertions="0" time="0.252" />
    <testcase name="Invoke-PlaneGithubSync.matches linked issues by repository and number when Plane stores the GitHub API issue URL" status="Passed" classname="D:\ruru\dotfiles\.worktrees\hermes-visible-browser-slack-registration\scripts\powershell\tests\Sync.PlaneGithub.Tests.ps1" assertions="0" time="0.207" />
    <testcase name="Invoke-PlaneGithubSync.records a baseline for a description-linked Plane work item when state is missing" status="Passed" classname="D:\ruru\dotfiles\.worktrees\hermes-visible-browser-slack-registration\scripts\powershell\tests\Sync.PlaneGithub.Tests.ps1" assertions="0" time="0.223" />
    <testcase name="Invoke-PlaneGithubSync.matches description-linked issues by repository and number when Plane stores the GitHub API issue URL" status="Passed" classname="D:\ruru\dotfiles\.worktrees\hermes-visible-browser-slack-registration\scripts\powershell\tests\Sync.PlaneGithub.Tests.ps1" assertions="0" time="0.204" />
    <testcase name="Invoke-PlaneGithubSync.skips a Plane work item that already has a GitHub issue link" status="Passed" classname="D:\ruru\dotfiles\.worktrees\hermes-visible-browser-slack-registration\scripts\powershell\tests\Sync.PlaneGithub.Tests.ps1" assertions="0" time="0.194" />
    <testcase name="Invoke-PlaneGithubSync.matches Plane projects by identifier, slug, or name" status="Passed" classname="D:\ruru\dotfiles\.worktrees\hermes-visible-browser-slack-registration\scripts\powershell\tests\Sync.PlaneGithub.Tests.ps1" assertions="0" time="0.065" />
  </testsuite>
  <testsuite name="D:\ruru\dotfiles\.worktrees\hermes-visible-browser-slack-registration\scripts\powershell\tests\chezmoi\ChezmoiTemplate.Tests.ps1" tests="43" errors="0" failures="0" hostname="BDW-IM8W-DBYOEM" id="10" skipped="0" disabled="0" package="D:\ruru\dotfiles\.worktrees\hermes-visible-browser-slack-registration\scripts\powershell\tests\chezmoi\ChezmoiTemplate.Tests.ps1" time="6.201">
    <properties>
      <property name="clr-version" value="10.0.9" />
      <property name="machine-name" value="BDW-IM8W-DBYOEM" />
      <property name="user" value="KoheiMiki" />
      <property name="os-version" value="10.0.26300" />
      <property name="framework-version" value="5.6.1" />
      <property name="user-domain" value="AzureAD" />
      <property name="platform" value="Microsoft Windows 11 Pro Insider Preview|C:\WINDOWS|\Device\Harddisk0\Partition3" />
      <property name="cwd" value="D:\ruru\dotfiles\.worktrees\hermes-visible-browser-slack-registration\scripts\powershell" />
      <property name="junit-version" value="4" />
    </properties>
    <testcase name="chezmoi テンプレート バリデーション.onepasswordRead はテンプレート展開中に呼ばない.すべての .tmpl ファイルで onepasswordRead を呼ばないこと" status="Passed" classname="D:\ruru\dotfiles\.worktrees\hermes-visible-browser-slack-registration\scripts\powershell\tests\chezmoi\ChezmoiTemplate.Tests.ps1" assertions="0" time="1.311" />
    <testcase name="chezmoi テンプレート バリデーション.onepasswordRead はテンプレート展開中に呼ばない.should not recommend template-time 1Password lookup in secret docs" status="Passed" classname="D:\ruru\dotfiles\.worktrees\hermes-visible-browser-slack-registration\scripts\powershell\tests\chezmoi\ChezmoiTemplate.Tests.ps1" assertions="0" time="0.054" />
    <testcase name="chezmoi テンプレート バリデーション.onepasswordRead はテンプレート展開中に呼ばない.should keep Hermes Slack app token capture out of logged Browser MCP output" status="Passed" classname="D:\ruru\dotfiles\.worktrees\hermes-visible-browser-slack-registration\scripts\powershell\tests\chezmoi\ChezmoiTemplate.Tests.ps1" assertions="0" time="0.057" />
    <testcase name="chezmoi テンプレート バリデーション.mcp_servers.yaml の op_env は env キーと一致すること.op_env のキーが対応する env のキーに含まれていること" status="Passed" classname="D:\ruru\dotfiles\.worktrees\hermes-visible-browser-slack-registration\scripts\powershell\tests\chezmoi\ChezmoiTemplate.Tests.ps1" assertions="0" time="0.056" />
    <testcase name="chezmoi テンプレート バリデーション.MCP client templates の op_env secret lookup.should not call onepasswordRead during template rendering" status="Passed" classname="D:\ruru\dotfiles\.worktrees\hermes-visible-browser-slack-registration\scripts\powershell\tests\chezmoi\ChezmoiTemplate.Tests.ps1" assertions="0" time="0.061" />
    <testcase name="chezmoi テンプレート バリデーション.MCP client templates の op_env secret lookup.should use non-failing op read and fall back to the configured env value" status="Passed" classname="D:\ruru\dotfiles\.worktrees\hermes-visible-browser-slack-registration\scripts\powershell\tests\chezmoi\ChezmoiTemplate.Tests.ps1" assertions="0" time="0.145" />
    <testcase name="chezmoi テンプレート バリデーション.Windows MCP deploy scripts の env fallback.PowerShell 展開時に ${VAR} fallback を空文字にしないこと" status="Passed" classname="D:\ruru\dotfiles\.worktrees\hermes-visible-browser-slack-registration\scripts\powershell\tests\chezmoi\ChezmoiTemplate.Tests.ps1" assertions="0" time="0.048" />
    <testcase name="chezmoi テンプレート バリデーション.Plane MCP server configuration.should configure Plane MCP over local stdio with token from the provided 1Password item" status="Passed" classname="D:\ruru\dotfiles\.worktrees\hermes-visible-browser-slack-registration\scripts\powershell\tests\chezmoi\ChezmoiTemplate.Tests.ps1" assertions="0" time="0.057" />
    <testcase name="chezmoi テンプレート バリデーション.Plane MCP server configuration.should avoid Codex auto-start because Plane depends on local service state" status="Passed" classname="D:\ruru\dotfiles\.worktrees\hermes-visible-browser-slack-registration\scripts\powershell\tests\chezmoi\ChezmoiTemplate.Tests.ps1" assertions="0" time="0.041" />
    <testcase name="chezmoi テンプレート バリデーション.Shell keybindings.should source bashrc from profile for interactive login bash" status="Passed" classname="D:\ruru\dotfiles\.worktrees\hermes-visible-browser-slack-registration\scripts\powershell\tests\chezmoi\ChezmoiTemplate.Tests.ps1" assertions="0" time="0.051" />
    <testcase name="chezmoi テンプレート バリデーション.Shell keybindings.should not calculate total directory size in eza aliases by default" status="Passed" classname="D:\ruru\dotfiles\.worktrees\hermes-visible-browser-slack-registration\scripts\powershell\tests\chezmoi\ChezmoiTemplate.Tests.ps1" assertions="0" time="0.050" />
    <testcase name="chezmoi テンプレート バリデーション.Shell keybindings.should keep zoxide interactive jump on Alt+Q across shells and terminals" status="Passed" classname="D:\ruru\dotfiles\.worktrees\hermes-visible-browser-slack-registration\scripts\powershell\tests\chezmoi\ChezmoiTemplate.Tests.ps1" assertions="0" time="0.076" />
    <testcase name="chezmoi テンプレート バリデーション.Docker MCP SDK サーバーの設定整合性.Docker MCP サーバーの args に docker run -i --rm パターンが含まれていること" status="Passed" classname="D:\ruru\dotfiles\.worktrees\hermes-visible-browser-slack-registration\scripts\powershell\tests\chezmoi\ChezmoiTemplate.Tests.ps1" assertions="0" time="0.059" />
    <testcase name="chezmoi テンプレート バリデーション.Docker MCP SDK サーバーの設定整合性.Docker MCP サーバーの env で指定した変数が args の -e でも渡されていること" status="Passed" classname="D:\ruru\dotfiles\.worktrees\hermes-visible-browser-slack-registration\scripts\powershell\tests\chezmoi\ChezmoiTemplate.Tests.ps1" assertions="0" time="0.084" />
    <testcase name="chezmoi テンプレート バリデーション.Docker MCP SDK サーバーの設定整合性.Codex Windows テンプレートでは Docker MCP が起動 wrapper 経由で実行されること" status="Passed" classname="D:\ruru\dotfiles\.worktrees\hermes-visible-browser-slack-registration\scripts\powershell\tests\chezmoi\ChezmoiTemplate.Tests.ps1" assertions="0" time="0.046" />
    <testcase name="chezmoi テンプレート バリデーション.Docker MCP SDK サーバーの設定整合性.Codex Windows テンプレートでは最小 Windows 環境を明示していること" status="Passed" classname="D:\ruru\dotfiles\.worktrees\hermes-visible-browser-slack-registration\scripts\powershell\tests\chezmoi\ChezmoiTemplate.Tests.ps1" assertions="0" time="0.082" />
    <testcase name="chezmoi テンプレート バリデーション.Docker MCP SDK サーバーの設定整合性.should enable Codex apps for plugin-bundled connectors" status="Passed" classname="D:\ruru\dotfiles\.worktrees\hermes-visible-browser-slack-registration\scripts\powershell\tests\chezmoi\ChezmoiTemplate.Tests.ps1" assertions="0" time="0.062" />
    <testcase name="chezmoi テンプレート バリデーション.Docker MCP SDK サーバーの設定整合性.should keep Codex project config apps enabled" status="Passed" classname="D:\ruru\dotfiles\.worktrees\hermes-visible-browser-slack-registration\scripts\powershell\tests\chezmoi\ChezmoiTemplate.Tests.ps1" assertions="0" time="0.078" />
    <testcase name="chezmoi テンプレート バリデーション.Docker MCP SDK サーバーの設定整合性.project-scoped config should not re-enable noisy Codex MCP servers" status="Passed" classname="D:\ruru\dotfiles\.worktrees\hermes-visible-browser-slack-registration\scripts\powershell\tests\chezmoi\ChezmoiTemplate.Tests.ps1" assertions="0" time="0.043" />
    <testcase name="chezmoi テンプレート バリデーション.Docker MCP SDK サーバーの設定整合性.Codex Docker MCP wrapper は stdout に制御ログを書かないこと" status="Passed" classname="D:\ruru\dotfiles\.worktrees\hermes-visible-browser-slack-registration\scripts\powershell\tests\chezmoi\ChezmoiTemplate.Tests.ps1" assertions="0" time="0.045" />
    <testcase name="chezmoi テンプレート バリデーション.supports ID の整合性.mcp_servers.yaml で旧 claude ID が残っていないこと" status="Passed" classname="D:\ruru\dotfiles\.worktrees\hermes-visible-browser-slack-registration\scripts\powershell\tests\chezmoi\ChezmoiTemplate.Tests.ps1" assertions="0" time="0.049" />
    <testcase name="chezmoi テンプレート バリデーション.supports ID の整合性.claude-code がテンプレートで正しく参照されていること" status="Passed" classname="D:\ruru\dotfiles\.worktrees\hermes-visible-browser-slack-registration\scripts\powershell\tests\chezmoi\ChezmoiTemplate.Tests.ps1" assertions="0" time="0.041" />
    <testcase name="chezmoi テンプレート バリデーション.Codex remote MCP テンプレート.should emit URL-based MCP as native Streamable HTTP without stdio settings" status="Passed" classname="D:\ruru\dotfiles\.worktrees\hermes-visible-browser-slack-registration\scripts\powershell\tests\chezmoi\ChezmoiTemplate.Tests.ps1" assertions="0" time="0.076" />
    <testcase name="chezmoi テンプレート バリデーション.Codex agent role files.should define required role metadata for Codex CLI" status="Passed" classname="D:\ruru\dotfiles\.worktrees\hermes-visible-browser-slack-registration\scripts\powershell\tests\chezmoi\ChezmoiTemplate.Tests.ps1" assertions="0" time="0.048" />
    <testcase name="chezmoi テンプレート バリデーション.Codex agent role files.project-scoped config should not hardcode repo-local Codex paths" status="Passed" classname="D:\ruru\dotfiles\.worktrees\hermes-visible-browser-slack-registration\scripts\powershell\tests\chezmoi\ChezmoiTemplate.Tests.ps1" assertions="0" time="0.046" />
    <testcase name="chezmoi テンプレート バリデーション.Codex hook Python runtime policy.should run Windows Python hooks through uv managed Python" status="Passed" classname="D:\ruru\dotfiles\.worktrees\hermes-visible-browser-slack-registration\scripts\powershell\tests\chezmoi\ChezmoiTemplate.Tests.ps1" assertions="0" time="0.045" />
    <testcase name="chezmoi テンプレート バリデーション.Codex MCP startup defaults.should not auto-start auth or API-key MCP servers in Codex" status="Passed" classname="D:\ruru\dotfiles\.worktrees\hermes-visible-browser-slack-registration\scripts\powershell\tests\chezmoi\ChezmoiTemplate.Tests.ps1" assertions="0" time="0.043" />
    <testcase name="chezmoi テンプレート バリデーション.Codex MCP startup defaults.should keep OAuth plugin MCP servers disabled until login" status="Passed" classname="D:\ruru\dotfiles\.worktrees\hermes-visible-browser-slack-registration\scripts\powershell\tests\chezmoi\ChezmoiTemplate.Tests.ps1" assertions="0" time="0.050" />
    <testcase name="chezmoi テンプレート バリデーション.Codex hook representation.should keep global hooks in hooks.json, not config.toml" status="Passed" classname="D:\ruru\dotfiles\.worktrees\hermes-visible-browser-slack-registration\scripts\powershell\tests\chezmoi\ChezmoiTemplate.Tests.ps1" assertions="0" time="0.051" />
    <testcase name="chezmoi テンプレート バリデーション.Orca Codex startup environment.should launch Orca directly by default and keep 1Password env-file injection opt-in" status="Passed" classname="D:\ruru\dotfiles\.worktrees\hermes-visible-browser-slack-registration\scripts\powershell\tests\chezmoi\ChezmoiTemplate.Tests.ps1" assertions="0" time="0.075" />
    <testcase name="chezmoi テンプレート バリデーション.Orca Codex startup environment.should point the Orca Start Menu shortcut at the managed launcher" status="Passed" classname="D:\ruru\dotfiles\.worktrees\hermes-visible-browser-slack-registration\scripts\powershell\tests\chezmoi\ChezmoiTemplate.Tests.ps1" assertions="0" time="0.047" />
    <testcase name="chezmoi テンプレート バリデーション.Orca Codex startup environment.should point WezTerm shortcuts at the managed launcher" status="Passed" classname="D:\ruru\dotfiles\.worktrees\hermes-visible-browser-slack-registration\scripts\powershell\tests\chezmoi\ChezmoiTemplate.Tests.ps1" assertions="0" time="0.051" />
    <testcase name="chezmoi テンプレート バリデーション.Orca Codex startup environment.should launch direct Codex CLI through 1Password env-file injection" status="Passed" classname="D:\ruru\dotfiles\.worktrees\hermes-visible-browser-slack-registration\scripts\powershell\tests\chezmoi\ChezmoiTemplate.Tests.ps1" assertions="0" time="0.058" />
    <testcase name="chezmoi テンプレート バリデーション.Shell config deploy script.should deploy secret loader files from the managed dot_config paths" status="Passed" classname="D:\ruru\dotfiles\.worktrees\hermes-visible-browser-slack-registration\scripts\powershell\tests\chezmoi\ChezmoiTemplate.Tests.ps1" assertions="0" time="0.080" />
    <testcase name="chezmoi テンプレート バリデーション.stdio-only テンプレートで HTTP サーバーに mcp-remote が使われていること.Claude Desktop テンプレートで mcp-remote が含まれていること" status="Passed" classname="D:\ruru\dotfiles\.worktrees\hermes-visible-browser-slack-registration\scripts\powershell\tests\chezmoi\ChezmoiTemplate.Tests.ps1" assertions="0" time="0.046" />
    <testcase name="chezmoi テンプレート バリデーション.stdio-only テンプレートで HTTP サーバーに mcp-remote が使われていること.Windsurf テンプレートで serverUrl が使われていること" status="Passed" classname="D:\ruru\dotfiles\.worktrees\hermes-visible-browser-slack-registration\scripts\powershell\tests\chezmoi\ChezmoiTemplate.Tests.ps1" assertions="0" time="0.077" />
    <testcase name="chezmoi テンプレート バリデーション.Gemini settings.json テンプレートの必須セクション.security.auth セクションが含まれていること" status="Passed" classname="D:\ruru\dotfiles\.worktrees\hermes-visible-browser-slack-registration\scripts\powershell\tests\chezmoi\ChezmoiTemplate.Tests.ps1" assertions="0" time="0.051" />
    <testcase name="chezmoi テンプレート バリデーション.Kaggle credentials deploy script.should retry on every apply instead of one-time onchange when 1Password is temporarily unavailable" status="Passed" classname="D:\ruru\dotfiles\.worktrees\hermes-visible-browser-slack-registration\scripts\powershell\tests\chezmoi\ChezmoiTemplate.Tests.ps1" assertions="0" time="0.092" />
    <testcase name="chezmoi テンプレート バリデーション.Kaggle credentials deploy script.should not call onepasswordRead during template rendering" status="Passed" classname="D:\ruru\dotfiles\.worktrees\hermes-visible-browser-slack-registration\scripts\powershell\tests\chezmoi\ChezmoiTemplate.Tests.ps1" assertions="0" time="0.070" />
    <testcase name="chezmoi テンプレート バリデーション.Kaggle credentials deploy script.should bound runtime op reads with a timeout" status="Passed" classname="D:\ruru\dotfiles\.worktrees\hermes-visible-browser-slack-registration\scripts\powershell\tests\chezmoi\ChezmoiTemplate.Tests.ps1" assertions="0" time="0.052" />
    <testcase name="chezmoi テンプレート バリデーション.Gemini Warp extension installer は非対話で終了すること.Windows 版は trust prompt を避けるため --consent を渡すこと" status="Passed" classname="D:\ruru\dotfiles\.worktrees\hermes-visible-browser-slack-registration\scripts\powershell\tests\chezmoi\ChezmoiTemplate.Tests.ps1" assertions="0" time="0.056" />
    <testcase name="chezmoi テンプレート バリデーション.Gemini Warp extension installer は非対話で終了すること.Windows 版は Gemini CLI のハングを timeout で検出すること" status="Passed" classname="D:\ruru\dotfiles\.worktrees\hermes-visible-browser-slack-registration\scripts\powershell\tests\chezmoi\ChezmoiTemplate.Tests.ps1" assertions="0" time="0.053" />
    <testcase name="chezmoi テンプレート バリデーション.Gemini Warp extension installer は非対話で終了すること.Gemini Warp extension install scripts はすべて consent 付きで実行すること" status="Passed" classname="D:\ruru\dotfiles\.worktrees\hermes-visible-browser-slack-registration\scripts\powershell\tests\chezmoi\ChezmoiTemplate.Tests.ps1" assertions="0" time="0.044" />
  </testsuite>
  <testsuite name="D:\ruru\dotfiles\.worktrees\hermes-visible-browser-slack-registration\scripts\powershell\tests\chezmoi\DcnvimProfile.Tests.ps1" tests="20" errors="0" failures="0" hostname="BDW-IM8W-DBYOEM" id="11" skipped="0" disabled="0" package="D:\ruru\dotfiles\.worktrees\hermes-visible-browser-slack-registration\scripts\powershell\tests\chezmoi\DcnvimProfile.Tests.ps1" time="4.867">
    <properties>
      <property name="clr-version" value="10.0.9" />
      <property name="machine-name" value="BDW-IM8W-DBYOEM" />
      <property name="user" value="KoheiMiki" />
      <property name="os-version" value="10.0.26300" />
      <property name="framework-version" value="5.6.1" />
      <property name="user-domain" value="AzureAD" />
      <property name="platform" value="Microsoft Windows 11 Pro Insider Preview|C:\WINDOWS|\Device\Harddisk0\Partition3" />
      <property name="cwd" value="D:\ruru\dotfiles\.worktrees\hermes-visible-browser-slack-registration\scripts\powershell" />
      <property name="junit-version" value="4" />
    </properties>
    <testcase name="PowerShell MSVC dev environment helpers.should import MSVC developer environment variables into the current PowerShell process" status="Passed" classname="D:\ruru\dotfiles\.worktrees\hermes-visible-browser-slack-registration\scripts\powershell\tests\chezmoi\DcnvimProfile.Tests.ps1" assertions="0" time="0.356" />
    <testcase name="PowerShell MSVC dev environment helpers.should run cargo and nvim through the MSVC developer environment wrappers" status="Passed" classname="D:\ruru\dotfiles\.worktrees\hermes-visible-browser-slack-registration\scripts\powershell\tests\chezmoi\DcnvimProfile.Tests.ps1" assertions="0" time="0.154" />
    <testcase name="PowerShell MSVC dev environment helpers.should expose an msvcdev alias for loading the current shell" status="Passed" classname="D:\ruru\dotfiles\.worktrees\hermes-visible-browser-slack-registration\scripts\powershell\tests\chezmoi\DcnvimProfile.Tests.ps1" assertions="0" time="0.055" />
[...]
    <testcase name="Test-WslAvailable.should return true when wsl --status succeeds" status="Passed" classname="D:\ruru\dotfiles\.worktrees\hermes-visible-browser-slack-registration\scripts\powershell\tests\lib\Invoke-ExternalCommand.Tests.ps1" assertions="0" time="0.096" />
    <testcase name="Test-WslAvailable.should return false when wsl --status fails" status="Passed" classname="D:\ruru\dotfiles\.worktrees\hermes-visible-browser-slack-registration\scripts\powershell\tests\lib\Invoke-ExternalCommand.Tests.ps1" assertions="0" time="0.051" />
    <testcase name="Test-WslAvailable.should return false when Invoke-Wsl throws an exception" status="Passed" classname="D:\ruru\dotfiles\.worktrees\hermes-visible-browser-slack-registration\scripts\powershell\tests\lib\Invoke-ExternalCommand.Tests.ps1" assertions="0" time="0.096" />
    <testcase name="Test-WslAvailable.should return false when WSL status check times out" status="Passed" classname="D:\ruru\dotfiles\.worktrees\hermes-visible-browser-slack-registration\scripts\powershell\tests\lib\Invoke-ExternalCommand.Tests.ps1" assertions="0" time="0.228" />
  </testsuite>
  <testsuite name="D:\ruru\dotfiles\.worktrees\hermes-visible-browser-slack-registration\scripts\powershell\tests\lib\Request-AdminElevation.Tests.ps1" tests="11" errors="0" failures="0" hostname="BDW-IM8W-DBYOEM" id="37" skipped="0" disabled="0" package="D:\ruru\dotfiles\.worktrees\hermes-visible-browser-slack-registration\scripts\powershell\tests\lib\Request-AdminElevation.Tests.ps1" time="2.076">
    <properties>
      <property name="clr-version" value="10.0.9" />
      <property name="machine-name" value="BDW-IM8W-DBYOEM" />
      <property name="user" value="KoheiMiki" />
      <property name="os-version" value="10.0.26300" />
      <property name="framework-version" value="5.6.1" />
      <property name="user-domain" value="AzureAD" />
      <property name="platform" value="Microsoft Windows 11 Pro Insider Preview|C:\WINDOWS|\Device\Harddisk0\Partition3" />
      <property name="cwd" value="D:\ruru\dotfiles\.worktrees\hermes-visible-browser-slack-registration\scripts\powershell" />
      <property name="junit-version" value="4" />
    </properties>
    <testcase name="Test-IsAdmin.should return boolean" status="Passed" classname="D:\ruru\dotfiles\.worktrees\hermes-visible-browser-slack-registration\scripts\powershell\tests\lib\Request-AdminElevation.Tests.ps1" assertions="0" time="0.048" />
    <testcase name="Exit-Script.should be a function" status="Passed" classname="D:\ruru\dotfiles\.worktrees\hermes-visible-browser-slack-registration\scripts\powershell\tests\lib\Request-AdminElevation.Tests.ps1" assertions="0" time="0.041" />
    <testcase name="Request-AdminElevation.when running as administrator.should not show UAC prompt" status="Passed" classname="D:\ruru\dotfiles\.worktrees\hermes-visible-browser-slack-registration\scripts\powershell\tests\lib\Request-AdminElevation.Tests.ps1" assertions="0" time="0.207" />
    <testcase name="Request-AdminElevation.when running as administrator.should return without action" status="Passed" classname="D:\ruru\dotfiles\.worktrees\hermes-visible-browser-slack-registration\scripts\powershell\tests\lib\Request-AdminElevation.Tests.ps1" assertions="0" time="0.114" />
    <testcase name="Request-AdminElevation.when not running as administrator.should show UAC message" status="Passed" classname="D:\ruru\dotfiles\.worktrees\hermes-visible-browser-slack-registration\scripts\powershell\tests\lib\Request-AdminElevation.Tests.ps1" assertions="0" time="0.235" />
    <testcase name="Request-AdminElevation.when not running as administrator.should start elevated process" status="Passed" classname="D:\ruru\dotfiles\.worktrees\hermes-visible-browser-slack-registration\scripts\powershell\tests\lib\Request-AdminElevation.Tests.ps1" assertions="0" time="0.156" />
    <testcase name="Request-AdminElevation.when not running as administrator.should pass script path in arguments" status="Passed" classname="D:\ruru\dotfiles\.worktrees\hermes-visible-browser-slack-registration\scripts\powershell\tests\lib\Request-AdminElevation.Tests.ps1" assertions="0" time="0.113" />
    <testcase name="Request-AdminElevation.when not running as administrator.should call Exit-Script with exit code 0" status="Passed" classname="D:\ruru\dotfiles\.worktrees\hermes-visible-browser-slack-registration\scripts\powershell\tests\lib\Request-AdminElevation.Tests.ps1" assertions="0" time="0.140" />
    <testcase name="Request-AdminElevation.parameter passing.should pass string parameters" status="Passed" classname="D:\ruru\dotfiles\.worktrees\hermes-visible-browser-slack-registration\scripts\powershell\tests\lib\Request-AdminElevation.Tests.ps1" assertions="0" time="0.167" />
    <testcase name="Request-AdminElevation.parameter passing.should pass switch parameters" status="Passed" classname="D:\ruru\dotfiles\.worktrees\hermes-visible-browser-slack-registration\scripts\powershell\tests\lib\Request-AdminElevation.Tests.ps1" assertions="0" time="0.120" />
    <testcase name="Request-AdminElevation.parameter passing.should pass hashtable parameters" status="Passed" classname="D:\ruru\dotfiles\.worktrees\hermes-visible-browser-slack-registration\scripts\powershell\tests\lib\Request-AdminElevation.Tests.ps1" assertions="0" time="0.163" />
  </testsuite>
  <testsuite name="D:\ruru\dotfiles\.worktrees\hermes-visible-browser-slack-registration\scripts\powershell\tests\lib\SetupHandler.Tests.ps1" tests="50" errors="0" failures="0" hostname="BDW-IM8W-DBYOEM" id="38" skipped="0" disabled="0" package="D:\ruru\dotfiles\.worktrees\hermes-visible-browser-slack-registration\scripts\powershell\tests\lib\SetupHandler.Tests.ps1" time="4.344">
    <properties>
      <property name="clr-version" value="10.0.9" />
      <property name="machine-name" value="BDW-IM8W-DBYOEM" />
      <property name="user" value="KoheiMiki" />
      <property name="os-version" value="10.0.26300" />
      <property name="framework-version" value="5.6.1" />
      <property name="user-domain" value="AzureAD" />
      <property name="platform" value="Microsoft Windows 11 Pro Insider Preview|C:\WINDOWS|\Device\Harddisk0\Partition3" />
      <property name="cwd" value="D:\ruru\dotfiles\.worktrees\hermes-visible-browser-slack-registration\scripts\powershell" />
      <property name="junit-version" value="4" />
    </properties>
    <testcase name="SetupContext.コンストラクタ.should set DotfilesPath correctly" status="Passed" classname="D:\ruru\dotfiles\.worktrees\hermes-visible-browser-slack-registration\scripts\powershell\tests\lib\SetupHandler.Tests.ps1" assertions="0" time="0.037" />
    <testcase name="SetupContext.コンストラクタ.should default DistroName to NixOS" status="Passed" classname="D:\ruru\dotfiles\.worktrees\hermes-visible-browser-slack-registration\scripts\powershell\tests\lib\SetupHandler.Tests.ps1" assertions="0" time="0.036" />
    <testcase name="SetupContext.コンストラクタ.should set InstallDir to USERPROFILE\NixOS" status="Passed" classname="D:\ruru\dotfiles\.worktrees\hermes-visible-browser-slack-registration\scripts\powershell\tests\lib\SetupHandler.Tests.ps1" assertions="0" time="0.044" />
    <testcase name="SetupContext.コンストラクタ.should initialize Options as empty hashtable" status="Passed" classname="D:\ruru\dotfiles\.worktrees\hermes-visible-browser-slack-registration\scripts\powershell\tests\lib\SetupHandler.Tests.ps1" assertions="0" time="0.074" />
    <testcase name="SetupContext.GetOption.should return TestValue when key exists" status="Passed" classname="D:\ruru\dotfiles\.worktrees\hermes-visible-browser-slack-registration\scripts\powershell\tests\lib\SetupHandler.Tests.ps1" assertions="0" time="0.074" />
    <testcase name="SetupContext.GetOption.should return DefaultValue when key does not exist" status="Passed" classname="D:\ruru\dotfiles\.worktrees\hermes-visible-browser-slack-registration\scripts\powershell\tests\lib\SetupHandler.Tests.ps1" assertions="0" time="0.004" />
    <testcase name="SetupContext.GetOption.should return  for default value type null" status="Passed" classname="D:\ruru\dotfiles\.worktrees\hermes-visible-browser-slack-registration\scripts\powershell\tests\lib\SetupHandler.Tests.ps1" assertions="0" time="0.096" />
    <testcase name="SetupContext.GetOption.should return False for default value type false" status="Passed" classname="D:\ruru\dotfiles\.worktrees\hermes-visible-browser-slack-registration\scripts\powershell\tests\lib\SetupHandler.Tests.ps1" assertions="0" time="0.009" />
    <testcase name="SetupContext.GetOption.should return 42 for default value type number" status="Passed" classname="D:\ruru\dotfiles\.worktrees\hermes-visible-browser-slack-registration\scripts\powershell\tests\lib\SetupHandler.Tests.ps1" assertions="0" time="0.006" />
    <testcase name="SetupContext.プロパティ設定.should allow setting DistroName to Ubuntu" status="Passed" classname="D:\ruru\dotfiles\.worktrees\hermes-visible-browser-slack-registration\scripts\powershell\tests\lib\SetupHandler.Tests.ps1" assertions="0" time="0.077" />
    <testcase name="SetupContext.プロパティ設定.should allow setting InstallDir to C:\WSL\NixOS" status="Passed" classname="D:\ruru\dotfiles\.worktrees\hermes-visible-browser-slack-registration\scripts\powershell\tests\lib\SetupHandler.Tests.ps1" assertions="0" time="0.008" />
    <testcase name="SetupContext.プロパティ設定.should allow setting multiple keys in Options" status="Passed" classname="D:\ruru\dotfiles\.worktrees\hermes-visible-browser-slack-registration\scripts\powershell\tests\lib\SetupHandler.Tests.ps1" assertions="0" time="0.050" />
    <testcase name="SetupResult.コンストラクタ.should default Success to False" status="Passed" classname="D:\ruru\dotfiles\.worktrees\hermes-visible-browser-slack-registration\scripts\powershell\tests\lib\SetupHandler.Tests.ps1" assertions="0" time="0.077" />
    <testcase name="SetupResult.コンストラクタ.should default Message to " status="Passed" classname="D:\ruru\dotfiles\.worktrees\hermes-visible-browser-slack-registration\scripts\powershell\tests\lib\SetupHandler.Tests.ps1" assertions="0" time="0.006" />
    <testcase name="SetupResult.コンストラクタ.should default Error to null" status="Passed" classname="D:\ruru\dotfiles\.worktrees\hermes-visible-browser-slack-registration\scripts\powershell\tests\lib\SetupHandler.Tests.ps1" assertions="0" time="0.040" />
    <testcase name="SetupResult.CreateSuccess.should create success result with correct properties" status="Passed" classname="D:\ruru\dotfiles\.worktrees\hermes-visible-browser-slack-registration\scripts\powershell\tests\lib\SetupHandler.Tests.ps1" assertions="0" time="0.049" />
    <testcase name="SetupResult.CreateSuccess.should allow empty message" status="Passed" classname="D:\ruru\dotfiles\.worktrees\hermes-visible-browser-slack-registration\scripts\powershell\tests\lib\SetupHandler.Tests.ps1" assertions="0" time="0.042" />
    <testcase name="SetupResult.CreateFailure.should create failure result without exception" status="Passed" classname="D:\ruru\dotfiles\.worktrees\hermes-visible-browser-slack-registration\scripts\powershell\tests\lib\SetupHandler.Tests.ps1" assertions="0" time="0.044" />
    <testcase name="SetupResult.CreateFailure.should create failure result with exception" status="Passed" classname="D:\ruru\dotfiles\.worktrees\hermes-visible-browser-slack-registration\scripts\powershell\tests\lib\SetupHandler.Tests.ps1" assertions="0" time="0.055" />
    <testcase name="SetupResult.CreateFailure.should allow null exception" status="Passed" classname="D:\ruru\dotfiles\.worktrees\hermes-visible-browser-slack-registration\scripts\powershell\tests\lib\SetupHandler.Tests.ps1" assertions="0" time="0.052" />
    <testcase name="SetupHandlerBase.プロパティ.should default Order to 100" status="Passed" classname="D:\ruru\dotfiles\.worktrees\hermes-visible-browser-slack-registration\scripts\powershell\tests\lib\SetupHandler.Tests.ps1" assertions="0" time="0.045" />
    <testcase name="SetupHandlerBase.プロパティ.should default RequiresAdmin to False" status="Passed" classname="D:\ruru\dotfiles\.worktrees\hermes-visible-browser-slack-registration\scripts\powershell\tests\lib\SetupHandler.Tests.ps1" assertions="0" time="0.008" />
    <testcase name="SetupHandlerBase.プロパティ.should allow setting Order" status="Passed" classname="D:\ruru\dotfiles\.worktrees\hermes-visible-browser-slack-registration\scripts\powershell\tests\lib\SetupHandler.Tests.ps1" assertions="0" time="0.071" />
    <testcase name="SetupHandlerBase.プロパティ.should allow setting Name" status="Passed" classname="D:\ruru\dotfiles\.worktrees\hermes-visible-browser-slack-registration\scripts\powershell\tests\lib\SetupHandler.Tests.ps1" assertions="0" time="0.009" />
    <testcase name="SetupHandlerBase.プロパティ.should allow setting Description" status="Passed" classname="D:\ruru\dotfiles\.worktrees\hermes-visible-browser-slack-registration\scripts\powershell\tests\lib\SetupHandler.Tests.ps1" assertions="0" time="0.010" />
    <testcase name="SetupHandlerBase.CanApply (基底クラス).should throw exception for base class CanApply" status="Passed" classname="D:\ruru\dotfiles\.worktrees\hermes-visible-browser-slack-registration\scripts\powershell\tests\lib\SetupHandler.Tests.ps1" assertions="0" time="0.050" />
    <testcase name="SetupHandlerBase.Apply (基底クラス).should throw exception for base class Apply" status="Passed" classname="D:\ruru\dotfiles\.worktrees\hermes-visible-browser-slack-registration\scripts\powershell\tests\lib\SetupHandler.Tests.ps1" assertions="0" time="0.045" />
    <testcase name="SetupHandlerBase.CreateSuccessResult.should create success result with handler name" status="Passed" classname="D:\ruru\dotfiles\.worktrees\hermes-visible-browser-slack-registration\scripts\powershell\tests\lib\SetupHandler.Tests.ps1" assertions="0" time="0.045" />
    <testcase name="SetupHandlerBase.CreateFailureResult.should create failure result without exception" status="Passed" classname="D:\ruru\dotfiles\.worktrees\hermes-visible-browser-slack-registration\scripts\powershell\tests\lib\SetupHandler.Tests.ps1" assertions="0" time="0.043" />
    <testcase name="SetupHandlerBase.CreateFailureResult.should create failure result with exception" status="Passed" classname="D:\ruru\dotfiles\.worktrees\hermes-visible-browser-slack-registration\scripts\powershell\tests\lib\SetupHandler.Tests.ps1" assertions="0" time="0.058" />
    <testcase name="SetupHandlerBase.NeedsConsent.should return false when ConsentKey is empty" status="Passed" classname="D:\ruru\dotfiles\.worktrees\hermes-visible-browser-slack-registration\scripts\powershell\tests\lib\SetupHandler.Tests.ps1" assertions="0" time="0.042" />
    <testcase name="SetupHandlerBase.NeedsConsent.should return true when ConsentKey is set" status="Passed" classname="D:\ruru\dotfiles\.worktrees\hermes-visible-browser-slack-registration\scripts\powershell\tests\lib\SetupHandler.Tests.ps1" assertions="0" time="0.064" />
    <testcase name="SetupHandlerBase.GetConsentFilePath.should return path under .config/dotfiles" status="Passed" classname="D:\ruru\dotfiles\.worktrees\hermes-visible-browser-slack-registration\scripts\powershell\tests\lib\SetupHandler.Tests.ps1" assertions="0" time="0.053" />
    <testcase name="SetupHandlerBase.ReadConsentFlag.should return null when ConsentKey is empty" status="Passed" classname="D:\ruru\dotfiles\.worktrees\hermes-visible-browser-slack-registration\scripts\powershell\tests\lib\SetupHandler.Tests.ps1" assertions="0" time="0.135" />
    <testcase name="SetupHandlerBase.ReadConsentFlag.should return null when consent.json does not exist" status="Passed" classname="D:\ruru\dotfiles\.worktrees\hermes-visible-browser-slack-registration\scripts\powershell\tests\lib\SetupHandler.Tests.ps1" assertions="0" time="0.091" />
    <testcase name="SetupHandlerBase.ReadConsentFlag.should return true when key is true" status="Passed" classname="D:\ruru\dotfiles\.worktrees\hermes-visible-browser-slack-registration\scripts\powershell\tests\lib\SetupHandler.Tests.ps1" assertions="0" time="0.082" />
    <testcase name="SetupHandlerBase.ReadConsentFlag.should return false when key is false" status="Passed" classname="D:\ruru\dotfiles\.worktrees\hermes-visible-browser-slack-registration\scripts\powershell\tests\lib\SetupHandler.Tests.ps1" assertions="0" time="0.085" />
    <testcase name="SetupHandlerBase.ReadConsentFlag.should return null when key does not exist in JSON" status="Passed" classname="D:\ruru\dotfiles\.worktrees\hermes-visible-browser-slack-registration\scripts\powershell\tests\lib\SetupHandler.Tests.ps1" assertions="0" time="0.087" />
    <testcase name="SetupHandlerBase.ReadConsentFlag.should return null when JSON is corrupt" status="Passed" classname="D:\ruru\dotfiles\.worktrees\hermes-visible-browser-slack-registration\scripts\powershell\tests\lib\SetupHandler.Tests.ps1" assertions="0" time="0.093" />
    <testcase name="SetupHandlerBase.WriteConsentFlag.should create consent.json with true value" status="Passed" classname="D:\ruru\dotfiles\.worktrees\hermes-visible-browser-slack-registration\scripts\powershell\tests\lib\SetupHandler.Tests.ps1" assertions="0" time="0.120" />
    <testcase name="SetupHandlerBase.WriteConsentFlag.should create consent.json with false value" status="Passed" classname="D:\ruru\dotfiles\.worktrees\hermes-visible-browser-slack-registration\scripts\powershell\tests\lib\SetupHandler.Tests.ps1" assertions="0" time="0.063" />
    <testcase name="SetupHandlerBase.WriteConsentFlag.should preserve existing keys when writing" status="Passed" classname="D:\ruru\dotfiles\.worktrees\hermes-visible-browser-slack-registration\scripts\powershell\tests\lib\SetupHandler.Tests.ps1" assertions="0" time="0.137" />
    <testcase name="SetupHandlerBase.WriteConsentFlag.should update existing key value" status="Passed" classname="D:\ruru\dotfiles\.worktrees\hermes-visible-browser-slack-registration\scripts\powershell\tests\lib\SetupHandler.Tests.ps1" assertions="0" time="0.084" />
    <testcase name="SetupHandlerBase.WriteConsentFlag.should create directory if it does not exist" status="Passed" classname="D:\ruru\dotfiles\.worktrees\hermes-visible-browser-slack-registration\scripts\powershell\tests\lib\SetupHandler.Tests.ps1" assertions="0" time="0.112" />
    <testcase name="SetupHandlerBase.WriteConsentFlag.should handle corrupt JSON gracefully and overwrite" status="Passed" classname="D:\ruru\dotfiles\.worktrees\hermes-visible-browser-slack-registration\scripts\powershell\tests\lib\SetupHandler.Tests.ps1" assertions="0" time="0.114" />
    <testcase name="SetupHandlerBase.WriteConsentFlag.should do nothing when ConsentKey is empty" status="Passed" classname="D:\ruru\dotfiles\.worktrees\hermes-visible-browser-slack-registration\scripts\powershell\tests\lib\SetupHandler.Tests.ps1" assertions="0" time="0.057" />
    <testcase name="SetupHandlerBase.Log メソッド.should output message with Cyan color" status="Passed" classname="D:\ruru\dotfiles\.worktrees\hermes-visible-browser-slack-registration\scripts\powershell\tests\lib\SetupHandler.Tests.ps1" assertions="0" time="0.092" />
    <testcase name="SetupHandlerBase.Log メソッド.should output message with Yellow color" status="Passed" classname="D:\ruru\dotfiles\.worktrees\hermes-visible-browser-slack-registration\scripts\powershell\tests\lib\SetupHandler.Tests.ps1" assertions="0" time="0.102" />
    <testcase name="SetupHandlerBase.Log メソッド.should output message with Red color" status="Passed" classname="D:\ruru\dotfiles\.worktrees\hermes-visible-browser-slack-registration\scripts\powershell\tests\lib\SetupHandler.Tests.ps1" assertions="0" time="0.096" />
    <testcase name="SetupHandlerBase.Log メソッド.should allow custom color for Log method" status="Passed" classname="D:\ruru\dotfiles\.worktrees\hermes-visible-browser-slack-registration\scripts\powershell\tests\lib\SetupHandler.Tests.ps1" assertions="0" time="0.109" />
  </testsuite>
</testsuites>